  [1m[35m (1.4ms)[0m  [1m[35mCREATE TABLE "schema_migrations" ("version" varchar NOT NULL PRIMARY KEY)[0m
  [1m[35m (0.1ms)[0m  [1m[35mCREATE TABLE "ar_internal_metadata" ("key" varchar NOT NULL PRIMARY KEY, "value" varchar, "created_at" datetime(6) NOT NULL, "updated_at" datetime(6) NOT NULL)[0m
  [1m[36mActiveRecord::InternalMetadata Load (0.1ms)[0m  [1m[34mSELECT * FROM "ar_internal_metadata" WHERE "ar_internal_metadata"."key" = ? ORDER BY "ar_internal_metadata"."key" ASC LIMIT 1[0m  [[nil, "environment"]]
  [1m[36mActiveRecord::InternalMetadata Create (0.1ms)[0m  [1m[32mINSERT INTO "ar_internal_metadata" ("key", "value", "created_at", "updated_at") VALUES ('environment', 'development', '2025-11-03 02:17:48.978169', '2025-11-03 02:17:48.978171') RETURNING "key"[0m
  [1m[36mActiveRecord::SchemaMigration Load (0.0ms)[0m  [1m[34mSELECT "schema_migrations"."version" FROM "schema_migrations" ORDER BY "schema_migrations"."version" ASC[0m
  [1m[35m (1.5ms)[0m  [1m[35mCREATE TABLE "schema_migrations" ("version" varchar NOT NULL PRIMARY KEY)[0m
  [1m[35m (0.3ms)[0m  [1m[35mCREATE TABLE "ar_internal_metadata" ("key" varchar NOT NULL PRIMARY KEY, "value" varchar, "created_at" datetime(6) NOT NULL, "updated_at" datetime(6) NOT NULL)[0m
  [1m[36mActiveRecord::InternalMetadata Load (0.1ms)[0m  [1m[34mSELECT * FROM "ar_internal_metadata" WHERE "ar_internal_metadata"."key" = ? ORDER BY "ar_internal_metadata"."key" ASC LIMIT 1[0m  [[nil, "environment"]]
  [1m[36mActiveRecord::InternalMetadata Create (0.1ms)[0m  [1m[32mINSERT INTO "ar_internal_metadata" ("key", "value", "created_at", "updated_at") VALUES ('environment', 'development', '2025-11-03 02:25:53.657033', '2025-11-03 02:25:53.657037') RETURNING "key"[0m
  [1m[36mActiveRecord::SchemaMigration Load (0.1ms)[0m  [1m[34mSELECT "schema_migrations"."version" FROM "schema_migrations" ORDER BY "schema_migrations"."version" ASC[0m
Started GET "/" for 172.23.0.1 at 2025-11-03 02:26:40 +0000
Cannot render console from 172.23.0.1! Allowed networks: 127.0.0.0/127.255.255.255, ::1
  [1m[36mActiveRecord::SchemaMigration Load (0.1ms)[0m  [1m[34mSELECT "schema_migrations"."version" FROM "schema_migrations" ORDER BY "schema_migrations"."version" ASC[0m
Processing by Rails::WelcomeController#index as HTML
  Rendering /usr/local/bundle/gems/railties-7.1.6/lib/rails/templates/rails/welcome/index.html.erb
  Rendered /usr/local/bundle/gems/railties-7.1.6/lib/rails/templates/rails/welcome/index.html.erb (Duration: 0.8ms | Allocations: 377)
Completed 200 OK in 17ms (Views: 5.7ms | ActiveRecord: 0.0ms | Allocations: 7935)


Started GET "/" for 172.23.0.1 at 2025-11-03 02:39:42 +0000
Cannot render console from 172.23.0.1! Allowed networks: 127.0.0.0/127.255.255.255, ::1
Processing by Rails::WelcomeController#index as HTML
  Rendering /usr/local/bundle/gems/railties-7.1.6/lib/rails/templates/rails/welcome/index.html.erb
  Rendered /usr/local/bundle/gems/railties-7.1.6/lib/rails/templates/rails/welcome/index.html.erb (Duration: 0.4ms | Allocations: 13)
Completed 200 OK in 1ms (Views: 0.8ms | ActiveRecord: 0.0ms | Allocations: 203)


  [1m[35m (1.1ms)[0m  [1m[35mCREATE TABLE "schema_migrations" ("version" varchar NOT NULL PRIMARY KEY)[0m
  [1m[35m (0.1ms)[0m  [1m[35mCREATE TABLE "ar_internal_metadata" ("key" varchar NOT NULL PRIMARY KEY, "value" varchar, "created_at" datetime(6) NOT NULL, "updated_at" datetime(6) NOT NULL)[0m
  [1m[36mActiveRecord::InternalMetadata Load (0.1ms)[0m  [1m[34mSELECT * FROM "ar_internal_metadata" WHERE "ar_internal_metadata"."key" = ? ORDER BY "ar_internal_metadata"."key" ASC LIMIT 1[0m  [[nil, "environment"]]
  [1m[36mActiveRecord::InternalMetadata Create (0.1ms)[0m  [1m[32mINSERT INTO "ar_internal_metadata" ("key", "value", "created_at", "updated_at") VALUES ('environment', 'development', '2025-11-03 02:52:10.541553', '2025-11-03 02:52:10.541555') RETURNING "key"[0m
  [1m[36mActiveRecord::SchemaMigration Load (0.1ms)[0m  [1m[34mSELECT "schema_migrations"."version" FROM "schema_migrations" ORDER BY "schema_migrations"."version" ASC[0m
  [1m[36mActiveRecord::InternalMetadata Load (0.1ms)[0m  [1m[34mSELECT * FROM "ar_internal_metadata" WHERE "ar_internal_metadata"."key" = ? ORDER BY "ar_internal_metadata"."key" ASC LIMIT 1[0m  [[nil, "environment"]]
  [1m[36mActiveRecord::SchemaMigration Load (0.1ms)[0m  [1m[34mSELECT "schema_migrations"."version" FROM "schema_migrations" ORDER BY "schema_migrations"."version" ASC[0m
Migrating to CreateFacturas (20251103031616)
  [1m[36mTRANSACTION (0.0ms)[0m  [1m[36mbegin transaction[0m
  [1m[35m (0.7ms)[0m  [1m[35mCREATE TABLE "facturas" ("id" integer PRIMARY KEY AUTOINCREMENT NOT NULL, "cliente_id" varchar, "total" decimal, "fecha" date, "created_at" datetime(6) NOT NULL, "updated_at" datetime(6) NOT NULL)[0m
  [1m[36mActiveRecord::SchemaMigration Create (0.1ms)[0m  [1m[32mINSERT INTO "schema_migrations" ("version") VALUES ('20251103031616') RETURNING "version"[0m
  [1m[36mTRANSACTION (0.1ms)[0m  [1m[36mcommit transaction[0m
  [1m[36mActiveRecord::SchemaMigration Load (0.0ms)[0m  [1m[34mSELECT "schema_migrations"."version" FROM "schema_migrations" ORDER BY "schema_migrations"."version" ASC[0m
  [1m[36mActiveRecord::InternalMetadata Load (0.1ms)[0m  [1m[34mSELECT * FROM "ar_internal_metadata" WHERE "ar_internal_metadata"."key" = ? ORDER BY "ar_internal_metadata"."key" ASC LIMIT 1[0m  [[nil, "environment"]]
  [1m[36mActiveRecord::SchemaMigration Load (0.1ms)[0m  [1m[34mSELECT "schema_migrations"."version" FROM "schema_migrations" ORDER BY "schema_migrations"."version" ASC[0m
  [1m[36mActiveRecord::SchemaMigration Load (0.0ms)[0m  [1m[34mSELECT "schema_migrations"."version" FROM "schema_migrations" ORDER BY "schema_migrations"."version" ASC[0m
  [1m[36mActiveRecord::InternalMetadata Load (0.4ms)[0m  [1m[34mSELECT * FROM "ar_internal_metadata" WHERE "ar_internal_metadata"."key" = ? ORDER BY "ar_internal_metadata"."key" ASC LIMIT 1[0m  [[nil, "environment"]]
  [1m[36mActiveRecord::SchemaMigration Load (0.1ms)[0m  [1m[34mSELECT "schema_migrations"."version" FROM "schema_migrations" ORDER BY "schema_migrations"."version" ASC[0m
  [1m[36mActiveRecord::SchemaMigration Load (0.0ms)[0m  [1m[34mSELECT "schema_migrations"."version" FROM "schema_migrations" ORDER BY "schema_migrations"."version" ASC[0m
Started GET "/facturas" for 172.23.0.1 at 2025-11-03 03:25:03 +0000
Cannot render console from 172.23.0.1! Allowed networks: 127.0.0.0/127.255.255.255, ::1
  [1m[36mActiveRecord::SchemaMigration Load (0.1ms)[0m  [1m[34mSELECT "schema_migrations"."version" FROM "schema_migrations" ORDER BY "schema_migrations"."version" ASC[0m
  
ActionController::RoutingError (uninitialized constant FacturasController):
  
Started GET "/facturas" for 172.23.0.1 at 2025-11-03 03:25:21 +0000
Cannot render console from 172.23.0.1! Allowed networks: 127.0.0.0/127.255.255.255, ::1
  
ActionController::RoutingError (uninitialized constant FacturasController):
  
Started GET "/facturas" for 172.23.0.1 at 2025-11-03 03:25:32 +0000
Cannot render console from 172.23.0.1! Allowed networks: 127.0.0.0/127.255.255.255, ::1
  
ActionController::RoutingError (uninitialized constant FacturasController):
  
Started GET "/facturas" for 172.23.0.1 at 2025-11-03 03:44:51 +0000
Cannot render console from 172.23.0.1! Allowed networks: 127.0.0.0/127.255.255.255, ::1
Processing by FacturasController#index as HTML
  [1m[36mFactura Load (0.1ms)[0m  [1m[34mSELECT "facturas".* FROM "facturas"[0m
  ↳ app/controllers/facturas_controller.rb:27:in `index'
Completed 200 OK in 21ms (Views: 1.2ms | ActiveRecord: 1.3ms | Allocations: 11335)


Started POST "/facturas" for 172.23.0.1 at 2025-11-03 03:47:44 +0000
Cannot render console from 172.23.0.1! Allowed networks: 127.0.0.0/127.255.255.255, ::1
Processing by FacturasController#create as */*
  Parameters: {"factura"=>{"cliente_id"=>"123", "total"=>200.5, "fecha"=>"2025-11-02"}}
Can't verify CSRF token authenticity.
Completed 422 Unprocessable Content in 1ms (ActiveRecord: 0.0ms | Allocations: 568)


  
ActionController::InvalidAuthenticityToken (Can't verify CSRF token authenticity.):
  
actionpack (7.1.6) lib/action_controller/metal/request_forgery_protection.rb:293:in `handle_unverified_request'
actionpack (7.1.6) lib/action_controller/metal/request_forgery_protection.rb:388:in `handle_unverified_request'
actionpack (7.1.6) lib/action_controller/metal/request_forgery_protection.rb:377:in `verify_authenticity_token'
activesupport (7.1.6) lib/active_support/callbacks.rb:403:in `block in make_lambda'
activesupport (7.1.6) lib/active_support/callbacks.rb:202:in `block (2 levels) in halting'
actionpack (7.1.6) lib/abstract_controller/callbacks.rb:34:in `block (2 levels) in <module:Callbacks>'
activesupport (7.1.6) lib/active_support/callbacks.rb:203:in `block in halting'
activesupport (7.1.6) lib/active_support/callbacks.rb:598:in `block in invoke_before'
activesupport (7.1.6) lib/active_support/callbacks.rb:598:in `each'
activesupport (7.1.6) lib/active_support/callbacks.rb:598:in `invoke_before'
activesupport (7.1.6) lib/active_support/callbacks.rb:119:in `block in run_callbacks'
activesupport (7.1.6) lib/active_support/callbacks.rb:141:in `run_callbacks'
actionpack (7.1.6) lib/abstract_controller/callbacks.rb:258:in `process_action'
actionpack (7.1.6) lib/action_controller/metal/rescue.rb:25:in `process_action'
actionpack (7.1.6) lib/action_controller/metal/instrumentation.rb:74:in `block in process_action'
activesupport (7.1.6) lib/active_support/notifications.rb:206:in `block in instrument'
activesupport (7.1.6) lib/active_support/notifications/instrumenter.rb:58:in `instrument'
activesupport (7.1.6) lib/active_support/notifications.rb:206:in `instrument'
actionpack (7.1.6) lib/action_controller/metal/instrumentation.rb:73:in `process_action'
actionpack (7.1.6) lib/action_controller/metal/params_wrapper.rb:261:in `process_action'
activerecord (7.1.6) lib/active_record/railties/controller_runtime.rb:32:in `process_action'
actionpack (7.1.6) lib/abstract_controller/base.rb:160:in `process'
actionview (7.1.6) lib/action_view/rendering.rb:40:in `process'
actionpack (7.1.6) lib/action_controller/metal.rb:227:in `dispatch'
actionpack (7.1.6) lib/action_controller/metal.rb:309:in `dispatch'
actionpack (7.1.6) lib/action_dispatch/routing/route_set.rb:49:in `dispatch'
actionpack (7.1.6) lib/action_dispatch/routing/route_set.rb:32:in `serve'
actionpack (7.1.6) lib/action_dispatch/journey/router.rb:51:in `block in serve'
actionpack (7.1.6) lib/action_dispatch/journey/router.rb:131:in `block in find_routes'
actionpack (7.1.6) lib/action_dispatch/journey/router.rb:124:in `each'
actionpack (7.1.6) lib/action_dispatch/journey/router.rb:124:in `find_routes'
actionpack (7.1.6) lib/action_dispatch/journey/router.rb:32:in `serve'
actionpack (7.1.6) lib/action_dispatch/routing/route_set.rb:882:in `call'
rack (3.2.4) lib/rack/tempfile_reaper.rb:20:in `call'
rack (3.2.4) lib/rack/etag.rb:29:in `call'
rack (3.2.4) lib/rack/conditional_get.rb:44:in `call'
rack (3.2.4) lib/rack/head.rb:15:in `call'
actionpack (7.1.6) lib/action_dispatch/http/permissions_policy.rb:36:in `call'
actionpack (7.1.6) lib/action_dispatch/http/content_security_policy.rb:36:in `call'
rack-session (2.1.1) lib/rack/session/abstract/id.rb:274:in `context'
rack-session (2.1.1) lib/rack/session/abstract/id.rb:268:in `call'
actionpack (7.1.6) lib/action_dispatch/middleware/cookies.rb:689:in `call'
activerecord (7.1.6) lib/active_record/migration.rb:655:in `call'
actionpack (7.1.6) lib/action_dispatch/middleware/callbacks.rb:29:in `block in call'
activesupport (7.1.6) lib/active_support/callbacks.rb:101:in `run_callbacks'
actionpack (7.1.6) lib/action_dispatch/middleware/callbacks.rb:28:in `call'
actionpack (7.1.6) lib/action_dispatch/middleware/executor.rb:14:in `call'
actionpack (7.1.6) lib/action_dispatch/middleware/actionable_exceptions.rb:16:in `call'
actionpack (7.1.6) lib/action_dispatch/middleware/debug_exceptions.rb:29:in `call'
web-console (4.2.1) lib/web_console/middleware.rb:132:in `call_app'
web-console (4.2.1) lib/web_console/middleware.rb:19:in `block in call'
web-console (4.2.1) lib/web_console/middleware.rb:17:in `catch'
web-console (4.2.1) lib/web_console/middleware.rb:17:in `call'
actionpack (7.1.6) lib/action_dispatch/middleware/show_exceptions.rb:31:in `call'
railties (7.1.6) lib/rails/rack/logger.rb:37:in `call_app'
railties (7.1.6) lib/rails/rack/logger.rb:24:in `block in call'
activesupport (7.1.6) lib/active_support/tagged_logging.rb:139:in `block in tagged'
activesupport (7.1.6) lib/active_support/tagged_logging.rb:39:in `tagged'
activesupport (7.1.6) lib/active_support/tagged_logging.rb:139:in `tagged'
activesupport (7.1.6) lib/active_support/broadcast_logger.rb:241:in `method_missing'
railties (7.1.6) lib/rails/rack/logger.rb:24:in `call'
sprockets-rails (3.5.2) lib/sprockets/rails/quiet_assets.rb:17:in `call'
actionpack (7.1.6) lib/action_dispatch/middleware/remote_ip.rb:92:in `call'
actionpack (7.1.6) lib/action_dispatch/middleware/request_id.rb:28:in `call'
rack (3.2.4) lib/rack/method_override.rb:28:in `call'
rack (3.2.4) lib/rack/runtime.rb:24:in `call'
activesupport (7.1.6) lib/active_support/cache/strategy/local_cache_middleware.rb:29:in `call'
actionpack (7.1.6) lib/action_dispatch/middleware/server_timing.rb:59:in `block in call'
actionpack (7.1.6) lib/action_dispatch/middleware/server_timing.rb:24:in `collect_events'
actionpack (7.1.6) lib/action_dispatch/middleware/server_timing.rb:58:in `call'
actionpack (7.1.6) lib/action_dispatch/middleware/executor.rb:14:in `call'
actionpack (7.1.6) lib/action_dispatch/middleware/static.rb:25:in `call'
rack (3.2.4) lib/rack/sendfile.rb:131:in `call'
actionpack (7.1.6) lib/action_dispatch/middleware/host_authorization.rb:141:in `call'
railties (7.1.6) lib/rails/engine.rb:536:in `call'
puma (7.1.0) lib/puma/configuration.rb:300:in `call'
puma (7.1.0) lib/puma/request.rb:101:in `block in handle_request'
puma (7.1.0) lib/puma/thread_pool.rb:355:in `with_force_shutdown'
puma (7.1.0) lib/puma/request.rb:100:in `handle_request'
puma (7.1.0) lib/puma/server.rb:503:in `process_client'
puma (7.1.0) lib/puma/server.rb:262:in `block in run'
puma (7.1.0) lib/puma/thread_pool.rb:182:in `block in spawn_thread'
Started POST "/facturas" for 172.23.0.1 at 2025-11-03 03:47:50 +0000
Cannot render console from 172.23.0.1! Allowed networks: 127.0.0.0/127.255.255.255, ::1
Processing by FacturasController#create as */*
  Parameters: {"factura"=>{"cliente_id"=>"123", "total"=>200.5, "fecha"=>"2025-11-02"}}
Can't verify CSRF token authenticity.
Completed 422 Unprocessable Content in 0ms (ActiveRecord: 0.0ms | Allocations: 463)


  
ActionController::InvalidAuthenticityToken (Can't verify CSRF token authenticity.):
  
actionpack (7.1.6) lib/action_controller/metal/request_forgery_protection.rb:293:in `handle_unverified_request'
actionpack (7.1.6) lib/action_controller/metal/request_forgery_protection.rb:388:in `handle_unverified_request'
actionpack (7.1.6) lib/action_controller/metal/request_forgery_protection.rb:377:in `verify_authenticity_token'
activesupport (7.1.6) lib/active_support/callbacks.rb:403:in `block in make_lambda'
activesupport (7.1.6) lib/active_support/callbacks.rb:202:in `block (2 levels) in halting'
actionpack (7.1.6) lib/abstract_controller/callbacks.rb:34:in `block (2 levels) in <module:Callbacks>'
activesupport (7.1.6) lib/active_support/callbacks.rb:203:in `block in halting'
activesupport (7.1.6) lib/active_support/callbacks.rb:598:in `block in invoke_before'
activesupport (7.1.6) lib/active_support/callbacks.rb:598:in `each'
activesupport (7.1.6) lib/active_support/callbacks.rb:598:in `invoke_before'
activesupport (7.1.6) lib/active_support/callbacks.rb:119:in `block in run_callbacks'
activesupport (7.1.6) lib/active_support/callbacks.rb:141:in `run_callbacks'
actionpack (7.1.6) lib/abstract_controller/callbacks.rb:258:in `process_action'
actionpack (7.1.6) lib/action_controller/metal/rescue.rb:25:in `process_action'
actionpack (7.1.6) lib/action_controller/metal/instrumentation.rb:74:in `block in process_action'
activesupport (7.1.6) lib/active_support/notifications.rb:206:in `block in instrument'
activesupport (7.1.6) lib/active_support/notifications/instrumenter.rb:58:in `instrument'
activesupport (7.1.6) lib/active_support/notifications.rb:206:in `instrument'
actionpack (7.1.6) lib/action_controller/metal/instrumentation.rb:73:in `process_action'
actionpack (7.1.6) lib/action_controller/metal/params_wrapper.rb:261:in `process_action'
activerecord (7.1.6) lib/active_record/railties/controller_runtime.rb:32:in `process_action'
actionpack (7.1.6) lib/abstract_controller/base.rb:160:in `process'
actionview (7.1.6) lib/action_view/rendering.rb:40:in `process'
actionpack (7.1.6) lib/action_controller/metal.rb:227:in `dispatch'
actionpack (7.1.6) lib/action_controller/metal.rb:309:in `dispatch'
actionpack (7.1.6) lib/action_dispatch/routing/route_set.rb:49:in `dispatch'
actionpack (7.1.6) lib/action_dispatch/routing/route_set.rb:32:in `serve'
actionpack (7.1.6) lib/action_dispatch/journey/router.rb:51:in `block in serve'
actionpack (7.1.6) lib/action_dispatch/journey/router.rb:131:in `block in find_routes'
actionpack (7.1.6) lib/action_dispatch/journey/router.rb:124:in `each'
actionpack (7.1.6) lib/action_dispatch/journey/router.rb:124:in `find_routes'
actionpack (7.1.6) lib/action_dispatch/journey/router.rb:32:in `serve'
actionpack (7.1.6) lib/action_dispatch/routing/route_set.rb:882:in `call'
rack (3.2.4) lib/rack/tempfile_reaper.rb:20:in `call'
rack (3.2.4) lib/rack/etag.rb:29:in `call'
rack (3.2.4) lib/rack/conditional_get.rb:44:in `call'
rack (3.2.4) lib/rack/head.rb:15:in `call'
actionpack (7.1.6) lib/action_dispatch/http/permissions_policy.rb:36:in `call'
actionpack (7.1.6) lib/action_dispatch/http/content_security_policy.rb:36:in `call'
rack-session (2.1.1) lib/rack/session/abstract/id.rb:274:in `context'
rack-session (2.1.1) lib/rack/session/abstract/id.rb:268:in `call'
actionpack (7.1.6) lib/action_dispatch/middleware/cookies.rb:689:in `call'
activerecord (7.1.6) lib/active_record/migration.rb:655:in `call'
actionpack (7.1.6) lib/action_dispatch/middleware/callbacks.rb:29:in `block in call'
activesupport (7.1.6) lib/active_support/callbacks.rb:101:in `run_callbacks'
actionpack (7.1.6) lib/action_dispatch/middleware/callbacks.rb:28:in `call'
actionpack (7.1.6) lib/action_dispatch/middleware/executor.rb:14:in `call'
actionpack (7.1.6) lib/action_dispatch/middleware/actionable_exceptions.rb:16:in `call'
actionpack (7.1.6) lib/action_dispatch/middleware/debug_exceptions.rb:29:in `call'
web-console (4.2.1) lib/web_console/middleware.rb:132:in `call_app'
web-console (4.2.1) lib/web_console/middleware.rb:19:in `block in call'
web-console (4.2.1) lib/web_console/middleware.rb:17:in `catch'
web-console (4.2.1) lib/web_console/middleware.rb:17:in `call'
actionpack (7.1.6) lib/action_dispatch/middleware/show_exceptions.rb:31:in `call'
railties (7.1.6) lib/rails/rack/logger.rb:37:in `call_app'
railties (7.1.6) lib/rails/rack/logger.rb:24:in `block in call'
activesupport (7.1.6) lib/active_support/tagged_logging.rb:139:in `block in tagged'
activesupport (7.1.6) lib/active_support/tagged_logging.rb:39:in `tagged'
activesupport (7.1.6) lib/active_support/tagged_logging.rb:139:in `tagged'
activesupport (7.1.6) lib/active_support/broadcast_logger.rb:241:in `method_missing'
railties (7.1.6) lib/rails/rack/logger.rb:24:in `call'
sprockets-rails (3.5.2) lib/sprockets/rails/quiet_assets.rb:17:in `call'
actionpack (7.1.6) lib/action_dispatch/middleware/remote_ip.rb:92:in `call'
actionpack (7.1.6) lib/action_dispatch/middleware/request_id.rb:28:in `call'
rack (3.2.4) lib/rack/method_override.rb:28:in `call'
rack (3.2.4) lib/rack/runtime.rb:24:in `call'
activesupport (7.1.6) lib/active_support/cache/strategy/local_cache_middleware.rb:29:in `call'
actionpack (7.1.6) lib/action_dispatch/middleware/server_timing.rb:59:in `block in call'
actionpack (7.1.6) lib/action_dispatch/middleware/server_timing.rb:24:in `collect_events'
actionpack (7.1.6) lib/action_dispatch/middleware/server_timing.rb:58:in `call'
actionpack (7.1.6) lib/action_dispatch/middleware/executor.rb:14:in `call'
actionpack (7.1.6) lib/action_dispatch/middleware/static.rb:25:in `call'
rack (3.2.4) lib/rack/sendfile.rb:131:in `call'
actionpack (7.1.6) lib/action_dispatch/middleware/host_authorization.rb:141:in `call'
railties (7.1.6) lib/rails/engine.rb:536:in `call'
puma (7.1.0) lib/puma/configuration.rb:300:in `call'
puma (7.1.0) lib/puma/request.rb:101:in `block in handle_request'
puma (7.1.0) lib/puma/thread_pool.rb:355:in `with_force_shutdown'
puma (7.1.0) lib/puma/request.rb:100:in `handle_request'
puma (7.1.0) lib/puma/server.rb:503:in `process_client'
puma (7.1.0) lib/puma/server.rb:262:in `block in run'
puma (7.1.0) lib/puma/thread_pool.rb:182:in `block in spawn_thread'
Started POST "/facturas" for 172.23.0.1 at 2025-11-03 03:48:35 +0000
Cannot render console from 172.23.0.1! Allowed networks: 127.0.0.0/127.255.255.255, ::1
Processing by FacturasController#create as */*
  Parameters: {"factura"=>{"cliente_id"=>"123", "total"=>200.5, "fecha"=>"2025-11-02"}}
Can't verify CSRF token authenticity.
Completed 422 Unprocessable Content in 1ms (ActiveRecord: 0.0ms | Allocations: 463)


  
ActionController::InvalidAuthenticityToken (Can't verify CSRF token authenticity.):
  
actionpack (7.1.6) lib/action_controller/metal/request_forgery_protection.rb:293:in `handle_unverified_request'
actionpack (7.1.6) lib/action_controller/metal/request_forgery_protection.rb:388:in `handle_unverified_request'
actionpack (7.1.6) lib/action_controller/metal/request_forgery_protection.rb:377:in `verify_authenticity_token'
activesupport (7.1.6) lib/active_support/callbacks.rb:403:in `block in make_lambda'
activesupport (7.1.6) lib/active_support/callbacks.rb:202:in `block (2 levels) in halting'
actionpack (7.1.6) lib/abstract_controller/callbacks.rb:34:in `block (2 levels) in <module:Callbacks>'
activesupport (7.1.6) lib/active_support/callbacks.rb:203:in `block in halting'
activesupport (7.1.6) lib/active_support/callbacks.rb:598:in `block in invoke_before'
activesupport (7.1.6) lib/active_support/callbacks.rb:598:in `each'
activesupport (7.1.6) lib/active_support/callbacks.rb:598:in `invoke_before'
activesupport (7.1.6) lib/active_support/callbacks.rb:119:in `block in run_callbacks'
activesupport (7.1.6) lib/active_support/callbacks.rb:141:in `run_callbacks'
actionpack (7.1.6) lib/abstract_controller/callbacks.rb:258:in `process_action'
actionpack (7.1.6) lib/action_controller/metal/rescue.rb:25:in `process_action'
actionpack (7.1.6) lib/action_controller/metal/instrumentation.rb:74:in `block in process_action'
activesupport (7.1.6) lib/active_support/notifications.rb:206:in `block in instrument'
activesupport (7.1.6) lib/active_support/notifications/instrumenter.rb:58:in `instrument'
activesupport (7.1.6) lib/active_support/notifications.rb:206:in `instrument'
actionpack (7.1.6) lib/action_controller/metal/instrumentation.rb:73:in `process_action'
actionpack (7.1.6) lib/action_controller/metal/params_wrapper.rb:261:in `process_action'
activerecord (7.1.6) lib/active_record/railties/controller_runtime.rb:32:in `process_action'
actionpack (7.1.6) lib/abstract_controller/base.rb:160:in `process'
actionview (7.1.6) lib/action_view/rendering.rb:40:in `process'
actionpack (7.1.6) lib/action_controller/metal.rb:227:in `dispatch'
actionpack (7.1.6) lib/action_controller/metal.rb:309:in `dispatch'
actionpack (7.1.6) lib/action_dispatch/routing/route_set.rb:49:in `dispatch'
actionpack (7.1.6) lib/action_dispatch/routing/route_set.rb:32:in `serve'
actionpack (7.1.6) lib/action_dispatch/journey/router.rb:51:in `block in serve'
actionpack (7.1.6) lib/action_dispatch/journey/router.rb:131:in `block in find_routes'
actionpack (7.1.6) lib/action_dispatch/journey/router.rb:124:in `each'
actionpack (7.1.6) lib/action_dispatch/journey/router.rb:124:in `find_routes'
actionpack (7.1.6) lib/action_dispatch/journey/router.rb:32:in `serve'
actionpack (7.1.6) lib/action_dispatch/routing/route_set.rb:882:in `call'
rack (3.2.4) lib/rack/tempfile_reaper.rb:20:in `call'
rack (3.2.4) lib/rack/etag.rb:29:in `call'
rack (3.2.4) lib/rack/conditional_get.rb:44:in `call'
rack (3.2.4) lib/rack/head.rb:15:in `call'
actionpack (7.1.6) lib/action_dispatch/http/permissions_policy.rb:36:in `call'
actionpack (7.1.6) lib/action_dispatch/http/content_security_policy.rb:36:in `call'
rack-session (2.1.1) lib/rack/session/abstract/id.rb:274:in `context'
rack-session (2.1.1) lib/rack/session/abstract/id.rb:268:in `call'
actionpack (7.1.6) lib/action_dispatch/middleware/cookies.rb:689:in `call'
activerecord (7.1.6) lib/active_record/migration.rb:655:in `call'
actionpack (7.1.6) lib/action_dispatch/middleware/callbacks.rb:29:in `block in call'
activesupport (7.1.6) lib/active_support/callbacks.rb:101:in `run_callbacks'
actionpack (7.1.6) lib/action_dispatch/middleware/callbacks.rb:28:in `call'
actionpack (7.1.6) lib/action_dispatch/middleware/executor.rb:14:in `call'
actionpack (7.1.6) lib/action_dispatch/middleware/actionable_exceptions.rb:16:in `call'
actionpack (7.1.6) lib/action_dispatch/middleware/debug_exceptions.rb:29:in `call'
web-console (4.2.1) lib/web_console/middleware.rb:132:in `call_app'
web-console (4.2.1) lib/web_console/middleware.rb:19:in `block in call'
web-console (4.2.1) lib/web_console/middleware.rb:17:in `catch'
web-console (4.2.1) lib/web_console/middleware.rb:17:in `call'
actionpack (7.1.6) lib/action_dispatch/middleware/show_exceptions.rb:31:in `call'
railties (7.1.6) lib/rails/rack/logger.rb:37:in `call_app'
railties (7.1.6) lib/rails/rack/logger.rb:24:in `block in call'
activesupport (7.1.6) lib/active_support/tagged_logging.rb:139:in `block in tagged'
activesupport (7.1.6) lib/active_support/tagged_logging.rb:39:in `tagged'
activesupport (7.1.6) lib/active_support/tagged_logging.rb:139:in `tagged'
activesupport (7.1.6) lib/active_support/broadcast_logger.rb:241:in `method_missing'
railties (7.1.6) lib/rails/rack/logger.rb:24:in `call'
sprockets-rails (3.5.2) lib/sprockets/rails/quiet_assets.rb:17:in `call'
actionpack (7.1.6) lib/action_dispatch/middleware/remote_ip.rb:92:in `call'
actionpack (7.1.6) lib/action_dispatch/middleware/request_id.rb:28:in `call'
rack (3.2.4) lib/rack/method_override.rb:28:in `call'
rack (3.2.4) lib/rack/runtime.rb:24:in `call'
activesupport (7.1.6) lib/active_support/cache/strategy/local_cache_middleware.rb:29:in `call'
actionpack (7.1.6) lib/action_dispatch/middleware/server_timing.rb:59:in `block in call'
actionpack (7.1.6) lib/action_dispatch/middleware/server_timing.rb:24:in `collect_events'
actionpack (7.1.6) lib/action_dispatch/middleware/server_timing.rb:58:in `call'
actionpack (7.1.6) lib/action_dispatch/middleware/executor.rb:14:in `call'
actionpack (7.1.6) lib/action_dispatch/middleware/static.rb:25:in `call'
rack (3.2.4) lib/rack/sendfile.rb:131:in `call'
actionpack (7.1.6) lib/action_dispatch/middleware/host_authorization.rb:141:in `call'
railties (7.1.6) lib/rails/engine.rb:536:in `call'
puma (7.1.0) lib/puma/configuration.rb:300:in `call'
puma (7.1.0) lib/puma/request.rb:101:in `block in handle_request'
puma (7.1.0) lib/puma/thread_pool.rb:355:in `with_force_shutdown'
puma (7.1.0) lib/puma/request.rb:100:in `handle_request'
puma (7.1.0) lib/puma/server.rb:503:in `process_client'
puma (7.1.0) lib/puma/server.rb:262:in `block in run'
puma (7.1.0) lib/puma/thread_pool.rb:182:in `block in spawn_thread'
Started POST "/facturas" for 172.23.0.1 at 2025-11-03 03:48:42 +0000
Cannot render console from 172.23.0.1! Allowed networks: 127.0.0.0/127.255.255.255, ::1
Processing by FacturasController#create as */*
  Parameters: {"factura"=>{"cliente_id"=>"123", "total"=>200.5, "fecha"=>"2025-11-02"}}
Can't verify CSRF token authenticity.
Completed 422 Unprocessable Content in 0ms (ActiveRecord: 0.0ms | Allocations: 463)


  
ActionController::InvalidAuthenticityToken (Can't verify CSRF token authenticity.):
  
actionpack (7.1.6) lib/action_controller/metal/request_forgery_protection.rb:293:in `handle_unverified_request'
actionpack (7.1.6) lib/action_controller/metal/request_forgery_protection.rb:388:in `handle_unverified_request'
actionpack (7.1.6) lib/action_controller/metal/request_forgery_protection.rb:377:in `verify_authenticity_token'
activesupport (7.1.6) lib/active_support/callbacks.rb:403:in `block in make_lambda'
activesupport (7.1.6) lib/active_support/callbacks.rb:202:in `block (2 levels) in halting'
actionpack (7.1.6) lib/abstract_controller/callbacks.rb:34:in `block (2 levels) in <module:Callbacks>'
activesupport (7.1.6) lib/active_support/callbacks.rb:203:in `block in halting'
activesupport (7.1.6) lib/active_support/callbacks.rb:598:in `block in invoke_before'
activesupport (7.1.6) lib/active_support/callbacks.rb:598:in `each'
activesupport (7.1.6) lib/active_support/callbacks.rb:598:in `invoke_before'
activesupport (7.1.6) lib/active_support/callbacks.rb:119:in `block in run_callbacks'
activesupport (7.1.6) lib/active_support/callbacks.rb:141:in `run_callbacks'
actionpack (7.1.6) lib/abstract_controller/callbacks.rb:258:in `process_action'
actionpack (7.1.6) lib/action_controller/metal/rescue.rb:25:in `process_action'
actionpack (7.1.6) lib/action_controller/metal/instrumentation.rb:74:in `block in process_action'
activesupport (7.1.6) lib/active_support/notifications.rb:206:in `block in instrument'
activesupport (7.1.6) lib/active_support/notifications/instrumenter.rb:58:in `instrument'
activesupport (7.1.6) lib/active_support/notifications.rb:206:in `instrument'
actionpack (7.1.6) lib/action_controller/metal/instrumentation.rb:73:in `process_action'
actionpack (7.1.6) lib/action_controller/metal/params_wrapper.rb:261:in `process_action'
activerecord (7.1.6) lib/active_record/railties/controller_runtime.rb:32:in `process_action'
actionpack (7.1.6) lib/abstract_controller/base.rb:160:in `process'
actionview (7.1.6) lib/action_view/rendering.rb:40:in `process'
actionpack (7.1.6) lib/action_controller/metal.rb:227:in `dispatch'
actionpack (7.1.6) lib/action_controller/metal.rb:309:in `dispatch'
actionpack (7.1.6) lib/action_dispatch/routing/route_set.rb:49:in `dispatch'
actionpack (7.1.6) lib/action_dispatch/routing/route_set.rb:32:in `serve'
actionpack (7.1.6) lib/action_dispatch/journey/router.rb:51:in `block in serve'
actionpack (7.1.6) lib/action_dispatch/journey/router.rb:131:in `block in find_routes'
actionpack (7.1.6) lib/action_dispatch/journey/router.rb:124:in `each'
actionpack (7.1.6) lib/action_dispatch/journey/router.rb:124:in `find_routes'
actionpack (7.1.6) lib/action_dispatch/journey/router.rb:32:in `serve'
actionpack (7.1.6) lib/action_dispatch/routing/route_set.rb:882:in `call'
rack (3.2.4) lib/rack/tempfile_reaper.rb:20:in `call'
rack (3.2.4) lib/rack/etag.rb:29:in `call'
rack (3.2.4) lib/rack/conditional_get.rb:44:in `call'
rack (3.2.4) lib/rack/head.rb:15:in `call'
actionpack (7.1.6) lib/action_dispatch/http/permissions_policy.rb:36:in `call'
actionpack (7.1.6) lib/action_dispatch/http/content_security_policy.rb:36:in `call'
rack-session (2.1.1) lib/rack/session/abstract/id.rb:274:in `context'
rack-session (2.1.1) lib/rack/session/abstract/id.rb:268:in `call'
actionpack (7.1.6) lib/action_dispatch/middleware/cookies.rb:689:in `call'
activerecord (7.1.6) lib/active_record/migration.rb:655:in `call'
actionpack (7.1.6) lib/action_dispatch/middleware/callbacks.rb:29:in `block in call'
activesupport (7.1.6) lib/active_support/callbacks.rb:101:in `run_callbacks'
actionpack (7.1.6) lib/action_dispatch/middleware/callbacks.rb:28:in `call'
actionpack (7.1.6) lib/action_dispatch/middleware/executor.rb:14:in `call'
actionpack (7.1.6) lib/action_dispatch/middleware/actionable_exceptions.rb:16:in `call'
actionpack (7.1.6) lib/action_dispatch/middleware/debug_exceptions.rb:29:in `call'
web-console (4.2.1) lib/web_console/middleware.rb:132:in `call_app'
web-console (4.2.1) lib/web_console/middleware.rb:19:in `block in call'
web-console (4.2.1) lib/web_console/middleware.rb:17:in `catch'
web-console (4.2.1) lib/web_console/middleware.rb:17:in `call'
actionpack (7.1.6) lib/action_dispatch/middleware/show_exceptions.rb:31:in `call'
railties (7.1.6) lib/rails/rack/logger.rb:37:in `call_app'
railties (7.1.6) lib/rails/rack/logger.rb:24:in `block in call'
activesupport (7.1.6) lib/active_support/tagged_logging.rb:139:in `block in tagged'
activesupport (7.1.6) lib/active_support/tagged_logging.rb:39:in `tagged'
activesupport (7.1.6) lib/active_support/tagged_logging.rb:139:in `tagged'
activesupport (7.1.6) lib/active_support/broadcast_logger.rb:241:in `method_missing'
railties (7.1.6) lib/rails/rack/logger.rb:24:in `call'
sprockets-rails (3.5.2) lib/sprockets/rails/quiet_assets.rb:17:in `call'
actionpack (7.1.6) lib/action_dispatch/middleware/remote_ip.rb:92:in `call'
actionpack (7.1.6) lib/action_dispatch/middleware/request_id.rb:28:in `call'
rack (3.2.4) lib/rack/method_override.rb:28:in `call'
rack (3.2.4) lib/rack/runtime.rb:24:in `call'
activesupport (7.1.6) lib/active_support/cache/strategy/local_cache_middleware.rb:29:in `call'
actionpack (7.1.6) lib/action_dispatch/middleware/server_timing.rb:59:in `block in call'
actionpack (7.1.6) lib/action_dispatch/middleware/server_timing.rb:24:in `collect_events'
actionpack (7.1.6) lib/action_dispatch/middleware/server_timing.rb:58:in `call'
actionpack (7.1.6) lib/action_dispatch/middleware/executor.rb:14:in `call'
actionpack (7.1.6) lib/action_dispatch/middleware/static.rb:25:in `call'
rack (3.2.4) lib/rack/sendfile.rb:131:in `call'
actionpack (7.1.6) lib/action_dispatch/middleware/host_authorization.rb:141:in `call'
railties (7.1.6) lib/rails/engine.rb:536:in `call'
puma (7.1.0) lib/puma/configuration.rb:300:in `call'
puma (7.1.0) lib/puma/request.rb:101:in `block in handle_request'
puma (7.1.0) lib/puma/thread_pool.rb:355:in `with_force_shutdown'
puma (7.1.0) lib/puma/request.rb:100:in `handle_request'
puma (7.1.0) lib/puma/server.rb:503:in `process_client'
puma (7.1.0) lib/puma/server.rb:262:in `block in run'
puma (7.1.0) lib/puma/thread_pool.rb:182:in `block in spawn_thread'
Started POST "/facturas" for 172.23.0.1 at 2025-11-03 03:50:39 +0000
Cannot render console from 172.23.0.1! Allowed networks: 127.0.0.0/127.255.255.255, ::1
Processing by FacturasController#create as */*
  Parameters: {"factura"=>{"cliente_id"=>"1", "total"=>200.5, "fecha"=>"2025-11-02"}}
Can't verify CSRF token authenticity.
Completed 422 Unprocessable Content in 1ms (ActiveRecord: 0.0ms | Allocations: 463)


  
ActionController::InvalidAuthenticityToken (Can't verify CSRF token authenticity.):
  
actionpack (7.1.6) lib/action_controller/metal/request_forgery_protection.rb:293:in `handle_unverified_request'
actionpack (7.1.6) lib/action_controller/metal/request_forgery_protection.rb:388:in `handle_unverified_request'
actionpack (7.1.6) lib/action_controller/metal/request_forgery_protection.rb:377:in `verify_authenticity_token'
activesupport (7.1.6) lib/active_support/callbacks.rb:403:in `block in make_lambda'
activesupport (7.1.6) lib/active_support/callbacks.rb:202:in `block (2 levels) in halting'
actionpack (7.1.6) lib/abstract_controller/callbacks.rb:34:in `block (2 levels) in <module:Callbacks>'
activesupport (7.1.6) lib/active_support/callbacks.rb:203:in `block in halting'
activesupport (7.1.6) lib/active_support/callbacks.rb:598:in `block in invoke_before'
activesupport (7.1.6) lib/active_support/callbacks.rb:598:in `each'
activesupport (7.1.6) lib/active_support/callbacks.rb:598:in `invoke_before'
activesupport (7.1.6) lib/active_support/callbacks.rb:119:in `block in run_callbacks'
activesupport (7.1.6) lib/active_support/callbacks.rb:141:in `run_callbacks'
actionpack (7.1.6) lib/abstract_controller/callbacks.rb:258:in `process_action'
actionpack (7.1.6) lib/action_controller/metal/rescue.rb:25:in `process_action'
actionpack (7.1.6) lib/action_controller/metal/instrumentation.rb:74:in `block in process_action'
activesupport (7.1.6) lib/active_support/notifications.rb:206:in `block in instrument'
activesupport (7.1.6) lib/active_support/notifications/instrumenter.rb:58:in `instrument'
activesupport (7.1.6) lib/active_support/notifications.rb:206:in `instrument'
actionpack (7.1.6) lib/action_controller/metal/instrumentation.rb:73:in `process_action'
actionpack (7.1.6) lib/action_controller/metal/params_wrapper.rb:261:in `process_action'
activerecord (7.1.6) lib/active_record/railties/controller_runtime.rb:32:in `process_action'
actionpack (7.1.6) lib/abstract_controller/base.rb:160:in `process'
actionview (7.1.6) lib/action_view/rendering.rb:40:in `process'
actionpack (7.1.6) lib/action_controller/metal.rb:227:in `dispatch'
actionpack (7.1.6) lib/action_controller/metal.rb:309:in `dispatch'
actionpack (7.1.6) lib/action_dispatch/routing/route_set.rb:49:in `dispatch'
actionpack (7.1.6) lib/action_dispatch/routing/route_set.rb:32:in `serve'
actionpack (7.1.6) lib/action_dispatch/journey/router.rb:51:in `block in serve'
actionpack (7.1.6) lib/action_dispatch/journey/router.rb:131:in `block in find_routes'
actionpack (7.1.6) lib/action_dispatch/journey/router.rb:124:in `each'
actionpack (7.1.6) lib/action_dispatch/journey/router.rb:124:in `find_routes'
actionpack (7.1.6) lib/action_dispatch/journey/router.rb:32:in `serve'
actionpack (7.1.6) lib/action_dispatch/routing/route_set.rb:882:in `call'
rack (3.2.4) lib/rack/tempfile_reaper.rb:20:in `call'
rack (3.2.4) lib/rack/etag.rb:29:in `call'
rack (3.2.4) lib/rack/conditional_get.rb:44:in `call'
rack (3.2.4) lib/rack/head.rb:15:in `call'
actionpack (7.1.6) lib/action_dispatch/http/permissions_policy.rb:36:in `call'
actionpack (7.1.6) lib/action_dispatch/http/content_security_policy.rb:36:in `call'
rack-session (2.1.1) lib/rack/session/abstract/id.rb:274:in `context'
rack-session (2.1.1) lib/rack/session/abstract/id.rb:268:in `call'
actionpack (7.1.6) lib/action_dispatch/middleware/cookies.rb:689:in `call'
activerecord (7.1.6) lib/active_record/migration.rb:655:in `call'
actionpack (7.1.6) lib/action_dispatch/middleware/callbacks.rb:29:in `block in call'
activesupport (7.1.6) lib/active_support/callbacks.rb:101:in `run_callbacks'
actionpack (7.1.6) lib/action_dispatch/middleware/callbacks.rb:28:in `call'
actionpack (7.1.6) lib/action_dispatch/middleware/executor.rb:14:in `call'
actionpack (7.1.6) lib/action_dispatch/middleware/actionable_exceptions.rb:16:in `call'
actionpack (7.1.6) lib/action_dispatch/middleware/debug_exceptions.rb:29:in `call'
web-console (4.2.1) lib/web_console/middleware.rb:132:in `call_app'
web-console (4.2.1) lib/web_console/middleware.rb:19:in `block in call'
web-console (4.2.1) lib/web_console/middleware.rb:17:in `catch'
web-console (4.2.1) lib/web_console/middleware.rb:17:in `call'
actionpack (7.1.6) lib/action_dispatch/middleware/show_exceptions.rb:31:in `call'
railties (7.1.6) lib/rails/rack/logger.rb:37:in `call_app'
railties (7.1.6) lib/rails/rack/logger.rb:24:in `block in call'
activesupport (7.1.6) lib/active_support/tagged_logging.rb:139:in `block in tagged'
activesupport (7.1.6) lib/active_support/tagged_logging.rb:39:in `tagged'
activesupport (7.1.6) lib/active_support/tagged_logging.rb:139:in `tagged'
activesupport (7.1.6) lib/active_support/broadcast_logger.rb:241:in `method_missing'
railties (7.1.6) lib/rails/rack/logger.rb:24:in `call'
sprockets-rails (3.5.2) lib/sprockets/rails/quiet_assets.rb:17:in `call'
actionpack (7.1.6) lib/action_dispatch/middleware/remote_ip.rb:92:in `call'
actionpack (7.1.6) lib/action_dispatch/middleware/request_id.rb:28:in `call'
rack (3.2.4) lib/rack/method_override.rb:28:in `call'
rack (3.2.4) lib/rack/runtime.rb:24:in `call'
activesupport (7.1.6) lib/active_support/cache/strategy/local_cache_middleware.rb:29:in `call'
actionpack (7.1.6) lib/action_dispatch/middleware/server_timing.rb:59:in `block in call'
actionpack (7.1.6) lib/action_dispatch/middleware/server_timing.rb:24:in `collect_events'
actionpack (7.1.6) lib/action_dispatch/middleware/server_timing.rb:58:in `call'
actionpack (7.1.6) lib/action_dispatch/middleware/executor.rb:14:in `call'
actionpack (7.1.6) lib/action_dispatch/middleware/static.rb:25:in `call'
rack (3.2.4) lib/rack/sendfile.rb:131:in `call'
actionpack (7.1.6) lib/action_dispatch/middleware/host_authorization.rb:141:in `call'
railties (7.1.6) lib/rails/engine.rb:536:in `call'
puma (7.1.0) lib/puma/configuration.rb:300:in `call'
puma (7.1.0) lib/puma/request.rb:101:in `block in handle_request'
puma (7.1.0) lib/puma/thread_pool.rb:355:in `with_force_shutdown'
puma (7.1.0) lib/puma/request.rb:100:in `handle_request'
puma (7.1.0) lib/puma/server.rb:503:in `process_client'
puma (7.1.0) lib/puma/server.rb:262:in `block in run'
puma (7.1.0) lib/puma/thread_pool.rb:182:in `block in spawn_thread'
Started POST "/facturas" for 172.23.0.1 at 2025-11-03 03:53:00 +0000
Cannot render console from 172.23.0.1! Allowed networks: 127.0.0.0/127.255.255.255, ::1
  
LoadError (cannot load such file -- faraday):
  
app/controllers/facturas_controller.rb:2:in `<class:FacturasController>'
app/controllers/facturas_controller.rb:1:in `<main>'
Started POST "/facturas" for 172.23.0.1 at 2025-11-03 03:54:44 +0000
Cannot render console from 172.23.0.1! Allowed networks: 127.0.0.0/127.255.255.255, ::1
  
LoadError (cannot load such file -- faraday):
  
app/controllers/facturas_controller.rb:2:in `<class:FacturasController>'
app/controllers/facturas_controller.rb:1:in `<main>'
  [1m[35m (1.4ms)[0m  [1m[35mCREATE TABLE "schema_migrations" ("version" varchar NOT NULL PRIMARY KEY)[0m
  [1m[35m (0.1ms)[0m  [1m[35mCREATE TABLE "ar_internal_metadata" ("key" varchar NOT NULL PRIMARY KEY, "value" varchar, "created_at" datetime(6) NOT NULL, "updated_at" datetime(6) NOT NULL)[0m
  [1m[36mActiveRecord::InternalMetadata Load (0.1ms)[0m  [1m[34mSELECT * FROM "ar_internal_metadata" WHERE "ar_internal_metadata"."key" = ? ORDER BY "ar_internal_metadata"."key" ASC LIMIT 1[0m  [[nil, "environment"]]
  [1m[36mActiveRecord::InternalMetadata Create (0.1ms)[0m  [1m[32mINSERT INTO "ar_internal_metadata" ("key", "value", "created_at", "updated_at") VALUES ('environment', 'development', '2025-11-03 04:07:16.614253', '2025-11-03 04:07:16.614256') RETURNING "key"[0m
  [1m[36mActiveRecord::SchemaMigration Load (0.1ms)[0m  [1m[34mSELECT "schema_migrations"."version" FROM "schema_migrations" ORDER BY "schema_migrations"."version" ASC[0m
Migrating to CreateFacturas (20251103031616)
  [1m[36mTRANSACTION (0.0ms)[0m  [1m[36mbegin transaction[0m
  [1m[35m (0.7ms)[0m  [1m[35mCREATE TABLE "facturas" ("id" integer PRIMARY KEY AUTOINCREMENT NOT NULL, "cliente_id" varchar, "total" decimal, "fecha" date, "created_at" datetime(6) NOT NULL, "updated_at" datetime(6) NOT NULL)[0m
  [1m[36mActiveRecord::SchemaMigration Create (0.1ms)[0m  [1m[32mINSERT INTO "schema_migrations" ("version") VALUES ('20251103031616') RETURNING "version"[0m
  [1m[36mTRANSACTION (0.1ms)[0m  [1m[36mcommit transaction[0m
  [1m[36mActiveRecord::SchemaMigration Load (0.0ms)[0m  [1m[34mSELECT "schema_migrations"."version" FROM "schema_migrations" ORDER BY "schema_migrations"."version" ASC[0m
Started GET "/facturas" for 172.23.0.1 at 2025-11-03 04:07:26 +0000
Cannot render console from 172.23.0.1! Allowed networks: 127.0.0.0/127.255.255.255, ::1
  [1m[36mActiveRecord::SchemaMigration Load (0.1ms)[0m  [1m[34mSELECT "schema_migrations"."version" FROM "schema_migrations" ORDER BY "schema_migrations"."version" ASC[0m
Processing by FacturasController#index as HTML
  [1m[36mFactura Load (0.1ms)[0m  [1m[34mSELECT "facturas".* FROM "facturas"[0m
  ↳ app/controllers/facturas_controller.rb:14:in `index'
Completed 200 OK in 38ms (Views: 0.8ms | ActiveRecord: 1.0ms | Allocations: 11939)


Started POST "/facturas" for 172.23.0.1 at 2025-11-03 04:08:35 +0000
Cannot render console from 172.23.0.1! Allowed networks: 127.0.0.0/127.255.255.255, ::1
Processing by FacturasController#create as */*
  Parameters: {"factura"=>{"cliente_id"=>"1", "total"=>200.5, "fecha"=>"2025-11-02"}}
Can't verify CSRF token authenticity.
Completed 422 Unprocessable Content in 1ms (ActiveRecord: 0.0ms | Allocations: 539)


  
ActionController::InvalidAuthenticityToken (Can't verify CSRF token authenticity.):
  
actionpack (7.1.6) lib/action_controller/metal/request_forgery_protection.rb:293:in `handle_unverified_request'
actionpack (7.1.6) lib/action_controller/metal/request_forgery_protection.rb:388:in `handle_unverified_request'
actionpack (7.1.6) lib/action_controller/metal/request_forgery_protection.rb:377:in `verify_authenticity_token'
activesupport (7.1.6) lib/active_support/callbacks.rb:403:in `block in make_lambda'
activesupport (7.1.6) lib/active_support/callbacks.rb:202:in `block (2 levels) in halting'
actionpack (7.1.6) lib/abstract_controller/callbacks.rb:34:in `block (2 levels) in <module:Callbacks>'
activesupport (7.1.6) lib/active_support/callbacks.rb:203:in `block in halting'
activesupport (7.1.6) lib/active_support/callbacks.rb:598:in `block in invoke_before'
activesupport (7.1.6) lib/active_support/callbacks.rb:598:in `each'
activesupport (7.1.6) lib/active_support/callbacks.rb:598:in `invoke_before'
activesupport (7.1.6) lib/active_support/callbacks.rb:119:in `block in run_callbacks'
activesupport (7.1.6) lib/active_support/callbacks.rb:141:in `run_callbacks'
actionpack (7.1.6) lib/abstract_controller/callbacks.rb:258:in `process_action'
actionpack (7.1.6) lib/action_controller/metal/rescue.rb:25:in `process_action'
actionpack (7.1.6) lib/action_controller/metal/instrumentation.rb:74:in `block in process_action'
activesupport (7.1.6) lib/active_support/notifications.rb:206:in `block in instrument'
activesupport (7.1.6) lib/active_support/notifications/instrumenter.rb:58:in `instrument'
activesupport (7.1.6) lib/active_support/notifications.rb:206:in `instrument'
actionpack (7.1.6) lib/action_controller/metal/instrumentation.rb:73:in `process_action'
actionpack (7.1.6) lib/action_controller/metal/params_wrapper.rb:261:in `process_action'
activerecord (7.1.6) lib/active_record/railties/controller_runtime.rb:32:in `process_action'
actionpack (7.1.6) lib/abstract_controller/base.rb:160:in `process'
actionview (7.1.6) lib/action_view/rendering.rb:40:in `process'
actionpack (7.1.6) lib/action_controller/metal.rb:227:in `dispatch'
actionpack (7.1.6) lib/action_controller/metal.rb:309:in `dispatch'
actionpack (7.1.6) lib/action_dispatch/routing/route_set.rb:49:in `dispatch'
actionpack (7.1.6) lib/action_dispatch/routing/route_set.rb:32:in `serve'
actionpack (7.1.6) lib/action_dispatch/journey/router.rb:51:in `block in serve'
actionpack (7.1.6) lib/action_dispatch/journey/router.rb:131:in `block in find_routes'
actionpack (7.1.6) lib/action_dispatch/journey/router.rb:124:in `each'
actionpack (7.1.6) lib/action_dispatch/journey/router.rb:124:in `find_routes'
actionpack (7.1.6) lib/action_dispatch/journey/router.rb:32:in `serve'
actionpack (7.1.6) lib/action_dispatch/routing/route_set.rb:882:in `call'
rack (3.2.4) lib/rack/tempfile_reaper.rb:20:in `call'
rack (3.2.4) lib/rack/etag.rb:29:in `call'
rack (3.2.4) lib/rack/conditional_get.rb:44:in `call'
rack (3.2.4) lib/rack/head.rb:15:in `call'
actionpack (7.1.6) lib/action_dispatch/http/permissions_policy.rb:36:in `call'
actionpack (7.1.6) lib/action_dispatch/http/content_security_policy.rb:36:in `call'
rack-session (2.1.1) lib/rack/session/abstract/id.rb:274:in `context'
rack-session (2.1.1) lib/rack/session/abstract/id.rb:268:in `call'
actionpack (7.1.6) lib/action_dispatch/middleware/cookies.rb:689:in `call'
activerecord (7.1.6) lib/active_record/migration.rb:655:in `call'
actionpack (7.1.6) lib/action_dispatch/middleware/callbacks.rb:29:in `block in call'
activesupport (7.1.6) lib/active_support/callbacks.rb:101:in `run_callbacks'
actionpack (7.1.6) lib/action_dispatch/middleware/callbacks.rb:28:in `call'
actionpack (7.1.6) lib/action_dispatch/middleware/executor.rb:14:in `call'
actionpack (7.1.6) lib/action_dispatch/middleware/actionable_exceptions.rb:16:in `call'
actionpack (7.1.6) lib/action_dispatch/middleware/debug_exceptions.rb:29:in `call'
web-console (4.2.1) lib/web_console/middleware.rb:132:in `call_app'
web-console (4.2.1) lib/web_console/middleware.rb:19:in `block in call'
web-console (4.2.1) lib/web_console/middleware.rb:17:in `catch'
web-console (4.2.1) lib/web_console/middleware.rb:17:in `call'
actionpack (7.1.6) lib/action_dispatch/middleware/show_exceptions.rb:31:in `call'
railties (7.1.6) lib/rails/rack/logger.rb:37:in `call_app'
railties (7.1.6) lib/rails/rack/logger.rb:24:in `block in call'
activesupport (7.1.6) lib/active_support/tagged_logging.rb:139:in `block in tagged'
activesupport (7.1.6) lib/active_support/tagged_logging.rb:39:in `tagged'
activesupport (7.1.6) lib/active_support/tagged_logging.rb:139:in `tagged'
activesupport (7.1.6) lib/active_support/broadcast_logger.rb:241:in `method_missing'
railties (7.1.6) lib/rails/rack/logger.rb:24:in `call'
sprockets-rails (3.5.2) lib/sprockets/rails/quiet_assets.rb:17:in `call'
actionpack (7.1.6) lib/action_dispatch/middleware/remote_ip.rb:92:in `call'
actionpack (7.1.6) lib/action_dispatch/middleware/request_id.rb:28:in `call'
rack (3.2.4) lib/rack/method_override.rb:28:in `call'
rack (3.2.4) lib/rack/runtime.rb:24:in `call'
activesupport (7.1.6) lib/active_support/cache/strategy/local_cache_middleware.rb:29:in `call'
actionpack (7.1.6) lib/action_dispatch/middleware/server_timing.rb:59:in `block in call'
actionpack (7.1.6) lib/action_dispatch/middleware/server_timing.rb:24:in `collect_events'
actionpack (7.1.6) lib/action_dispatch/middleware/server_timing.rb:58:in `call'
actionpack (7.1.6) lib/action_dispatch/middleware/executor.rb:14:in `call'
actionpack (7.1.6) lib/action_dispatch/middleware/static.rb:25:in `call'
rack (3.2.4) lib/rack/sendfile.rb:131:in `call'
actionpack (7.1.6) lib/action_dispatch/middleware/host_authorization.rb:141:in `call'
railties (7.1.6) lib/rails/engine.rb:536:in `call'
puma (7.1.0) lib/puma/configuration.rb:300:in `call'
puma (7.1.0) lib/puma/request.rb:101:in `block in handle_request'
puma (7.1.0) lib/puma/thread_pool.rb:355:in `with_force_shutdown'
puma (7.1.0) lib/puma/request.rb:100:in `handle_request'
puma (7.1.0) lib/puma/server.rb:503:in `process_client'
puma (7.1.0) lib/puma/server.rb:262:in `block in run'
puma (7.1.0) lib/puma/thread_pool.rb:182:in `block in spawn_thread'
Started POST "/facturas" for 172.23.0.1 at 2025-11-03 04:09:12 +0000
Cannot render console from 172.23.0.1! Allowed networks: 127.0.0.0/127.255.255.255, ::1
Processing by FacturasController#create as */*
  Parameters: {"factura"=>{"cliente_id"=>"1", "total"=>200.5, "fecha"=>"2025-11-02"}}
Can't verify CSRF token authenticity.
Completed 422 Unprocessable Content in 1ms (ActiveRecord: 0.0ms | Allocations: 515)


  
ActionController::InvalidAuthenticityToken (Can't verify CSRF token authenticity.):
  
actionpack (7.1.6) lib/action_controller/metal/request_forgery_protection.rb:293:in `handle_unverified_request'
actionpack (7.1.6) lib/action_controller/metal/request_forgery_protection.rb:388:in `handle_unverified_request'
actionpack (7.1.6) lib/action_controller/metal/request_forgery_protection.rb:377:in `verify_authenticity_token'
activesupport (7.1.6) lib/active_support/callbacks.rb:403:in `block in make_lambda'
activesupport (7.1.6) lib/active_support/callbacks.rb:202:in `block (2 levels) in halting'
actionpack (7.1.6) lib/abstract_controller/callbacks.rb:34:in `block (2 levels) in <module:Callbacks>'
activesupport (7.1.6) lib/active_support/callbacks.rb:203:in `block in halting'
activesupport (7.1.6) lib/active_support/callbacks.rb:598:in `block in invoke_before'
activesupport (7.1.6) lib/active_support/callbacks.rb:598:in `each'
activesupport (7.1.6) lib/active_support/callbacks.rb:598:in `invoke_before'
activesupport (7.1.6) lib/active_support/callbacks.rb:119:in `block in run_callbacks'
activesupport (7.1.6) lib/active_support/callbacks.rb:141:in `run_callbacks'
actionpack (7.1.6) lib/abstract_controller/callbacks.rb:258:in `process_action'
actionpack (7.1.6) lib/action_controller/metal/rescue.rb:25:in `process_action'
actionpack (7.1.6) lib/action_controller/metal/instrumentation.rb:74:in `block in process_action'
activesupport (7.1.6) lib/active_support/notifications.rb:206:in `block in instrument'
activesupport (7.1.6) lib/active_support/notifications/instrumenter.rb:58:in `instrument'
activesupport (7.1.6) lib/active_support/notifications.rb:206:in `instrument'
actionpack (7.1.6) lib/action_controller/metal/instrumentation.rb:73:in `process_action'
actionpack (7.1.6) lib/action_controller/metal/params_wrapper.rb:261:in `process_action'
activerecord (7.1.6) lib/active_record/railties/controller_runtime.rb:32:in `process_action'
actionpack (7.1.6) lib/abstract_controller/base.rb:160:in `process'
actionview (7.1.6) lib/action_view/rendering.rb:40:in `process'
actionpack (7.1.6) lib/action_controller/metal.rb:227:in `dispatch'
actionpack (7.1.6) lib/action_controller/metal.rb:309:in `dispatch'
actionpack (7.1.6) lib/action_dispatch/routing/route_set.rb:49:in `dispatch'
actionpack (7.1.6) lib/action_dispatch/routing/route_set.rb:32:in `serve'
actionpack (7.1.6) lib/action_dispatch/journey/router.rb:51:in `block in serve'
actionpack (7.1.6) lib/action_dispatch/journey/router.rb:131:in `block in find_routes'
actionpack (7.1.6) lib/action_dispatch/journey/router.rb:124:in `each'
actionpack (7.1.6) lib/action_dispatch/journey/router.rb:124:in `find_routes'
actionpack (7.1.6) lib/action_dispatch/journey/router.rb:32:in `serve'
actionpack (7.1.6) lib/action_dispatch/routing/route_set.rb:882:in `call'
rack (3.2.4) lib/rack/tempfile_reaper.rb:20:in `call'
rack (3.2.4) lib/rack/etag.rb:29:in `call'
rack (3.2.4) lib/rack/conditional_get.rb:44:in `call'
rack (3.2.4) lib/rack/head.rb:15:in `call'
actionpack (7.1.6) lib/action_dispatch/http/permissions_policy.rb:36:in `call'
actionpack (7.1.6) lib/action_dispatch/http/content_security_policy.rb:36:in `call'
rack-session (2.1.1) lib/rack/session/abstract/id.rb:274:in `context'
rack-session (2.1.1) lib/rack/session/abstract/id.rb:268:in `call'
actionpack (7.1.6) lib/action_dispatch/middleware/cookies.rb:689:in `call'
activerecord (7.1.6) lib/active_record/migration.rb:655:in `call'
actionpack (7.1.6) lib/action_dispatch/middleware/callbacks.rb:29:in `block in call'
activesupport (7.1.6) lib/active_support/callbacks.rb:101:in `run_callbacks'
actionpack (7.1.6) lib/action_dispatch/middleware/callbacks.rb:28:in `call'
actionpack (7.1.6) lib/action_dispatch/middleware/executor.rb:14:in `call'
actionpack (7.1.6) lib/action_dispatch/middleware/actionable_exceptions.rb:16:in `call'
actionpack (7.1.6) lib/action_dispatch/middleware/debug_exceptions.rb:29:in `call'
web-console (4.2.1) lib/web_console/middleware.rb:132:in `call_app'
web-console (4.2.1) lib/web_console/middleware.rb:19:in `block in call'
web-console (4.2.1) lib/web_console/middleware.rb:17:in `catch'
web-console (4.2.1) lib/web_console/middleware.rb:17:in `call'
actionpack (7.1.6) lib/action_dispatch/middleware/show_exceptions.rb:31:in `call'
railties (7.1.6) lib/rails/rack/logger.rb:37:in `call_app'
railties (7.1.6) lib/rails/rack/logger.rb:24:in `block in call'
activesupport (7.1.6) lib/active_support/tagged_logging.rb:139:in `block in tagged'
activesupport (7.1.6) lib/active_support/tagged_logging.rb:39:in `tagged'
activesupport (7.1.6) lib/active_support/tagged_logging.rb:139:in `tagged'
activesupport (7.1.6) lib/active_support/broadcast_logger.rb:241:in `method_missing'
railties (7.1.6) lib/rails/rack/logger.rb:24:in `call'
sprockets-rails (3.5.2) lib/sprockets/rails/quiet_assets.rb:17:in `call'
actionpack (7.1.6) lib/action_dispatch/middleware/remote_ip.rb:92:in `call'
actionpack (7.1.6) lib/action_dispatch/middleware/request_id.rb:28:in `call'
rack (3.2.4) lib/rack/method_override.rb:28:in `call'
rack (3.2.4) lib/rack/runtime.rb:24:in `call'
activesupport (7.1.6) lib/active_support/cache/strategy/local_cache_middleware.rb:29:in `call'
actionpack (7.1.6) lib/action_dispatch/middleware/server_timing.rb:59:in `block in call'
actionpack (7.1.6) lib/action_dispatch/middleware/server_timing.rb:24:in `collect_events'
actionpack (7.1.6) lib/action_dispatch/middleware/server_timing.rb:58:in `call'
actionpack (7.1.6) lib/action_dispatch/middleware/executor.rb:14:in `call'
actionpack (7.1.6) lib/action_dispatch/middleware/static.rb:25:in `call'
rack (3.2.4) lib/rack/sendfile.rb:131:in `call'
actionpack (7.1.6) lib/action_dispatch/middleware/host_authorization.rb:141:in `call'
railties (7.1.6) lib/rails/engine.rb:536:in `call'
puma (7.1.0) lib/puma/configuration.rb:300:in `call'
puma (7.1.0) lib/puma/request.rb:101:in `block in handle_request'
puma (7.1.0) lib/puma/thread_pool.rb:355:in `with_force_shutdown'
puma (7.1.0) lib/puma/request.rb:100:in `handle_request'
puma (7.1.0) lib/puma/server.rb:503:in `process_client'
puma (7.1.0) lib/puma/server.rb:262:in `block in run'
puma (7.1.0) lib/puma/thread_pool.rb:182:in `block in spawn_thread'
  [1m[36mActiveRecord::InternalMetadata Load (0.1ms)[0m  [1m[34mSELECT * FROM "ar_internal_metadata" WHERE "ar_internal_metadata"."key" = ? ORDER BY "ar_internal_metadata"."key" ASC LIMIT 1[0m  [[nil, "environment"]]
  [1m[36mActiveRecord::SchemaMigration Load (0.1ms)[0m  [1m[34mSELECT "schema_migrations"."version" FROM "schema_migrations" ORDER BY "schema_migrations"."version" ASC[0m
  [1m[36mActiveRecord::SchemaMigration Load (0.0ms)[0m  [1m[34mSELECT "schema_migrations"."version" FROM "schema_migrations" ORDER BY "schema_migrations"."version" ASC[0m
Started GET "/facturas" for 172.23.0.1 at 2025-11-03 04:09:42 +0000
Cannot render console from 172.23.0.1! Allowed networks: 127.0.0.0/127.255.255.255, ::1
  [1m[36mActiveRecord::SchemaMigration Load (0.1ms)[0m  [1m[34mSELECT "schema_migrations"."version" FROM "schema_migrations" ORDER BY "schema_migrations"."version" ASC[0m
Processing by FacturasController#index as HTML
  [1m[36mFactura Load (0.1ms)[0m  [1m[34mSELECT "facturas".* FROM "facturas" WHERE 1=1[0m
  ↳ app/controllers/facturas_controller.rb:19:in `index'
Completed 200 OK in 28ms (Views: 1.5ms | ActiveRecord: 3.6ms | Allocations: 9727)


Started POST "/facturas" for 172.23.0.1 at 2025-11-03 04:10:01 +0000
Cannot render console from 172.23.0.1! Allowed networks: 127.0.0.0/127.255.255.255, ::1
Processing by FacturasController#create as */*
  Parameters: {"factura"=>{"cliente_id"=>"1", "total"=>200.5, "fecha"=>"2025-11-02"}}
Can't verify CSRF token authenticity.
Completed 422 Unprocessable Content in 1ms (ActiveRecord: 0.0ms | Allocations: 538)


  
ActionController::InvalidAuthenticityToken (Can't verify CSRF token authenticity.):
  
actionpack (7.1.6) lib/action_controller/metal/request_forgery_protection.rb:293:in `handle_unverified_request'
actionpack (7.1.6) lib/action_controller/metal/request_forgery_protection.rb:388:in `handle_unverified_request'
actionpack (7.1.6) lib/action_controller/metal/request_forgery_protection.rb:377:in `verify_authenticity_token'
activesupport (7.1.6) lib/active_support/callbacks.rb:403:in `block in make_lambda'
activesupport (7.1.6) lib/active_support/callbacks.rb:202:in `block (2 levels) in halting'
actionpack (7.1.6) lib/abstract_controller/callbacks.rb:34:in `block (2 levels) in <module:Callbacks>'
activesupport (7.1.6) lib/active_support/callbacks.rb:203:in `block in halting'
activesupport (7.1.6) lib/active_support/callbacks.rb:598:in `block in invoke_before'
activesupport (7.1.6) lib/active_support/callbacks.rb:598:in `each'
activesupport (7.1.6) lib/active_support/callbacks.rb:598:in `invoke_before'
activesupport (7.1.6) lib/active_support/callbacks.rb:119:in `block in run_callbacks'
activesupport (7.1.6) lib/active_support/callbacks.rb:141:in `run_callbacks'
actionpack (7.1.6) lib/abstract_controller/callbacks.rb:258:in `process_action'
actionpack (7.1.6) lib/action_controller/metal/rescue.rb:25:in `process_action'
actionpack (7.1.6) lib/action_controller/metal/instrumentation.rb:74:in `block in process_action'
activesupport (7.1.6) lib/active_support/notifications.rb:206:in `block in instrument'
activesupport (7.1.6) lib/active_support/notifications/instrumenter.rb:58:in `instrument'
activesupport (7.1.6) lib/active_support/notifications.rb:206:in `instrument'
actionpack (7.1.6) lib/action_controller/metal/instrumentation.rb:73:in `process_action'
actionpack (7.1.6) lib/action_controller/metal/params_wrapper.rb:261:in `process_action'
activerecord (7.1.6) lib/active_record/railties/controller_runtime.rb:32:in `process_action'
actionpack (7.1.6) lib/abstract_controller/base.rb:160:in `process'
actionview (7.1.6) lib/action_view/rendering.rb:40:in `process'
actionpack (7.1.6) lib/action_controller/metal.rb:227:in `dispatch'
actionpack (7.1.6) lib/action_controller/metal.rb:309:in `dispatch'
actionpack (7.1.6) lib/action_dispatch/routing/route_set.rb:49:in `dispatch'
actionpack (7.1.6) lib/action_dispatch/routing/route_set.rb:32:in `serve'
actionpack (7.1.6) lib/action_dispatch/journey/router.rb:51:in `block in serve'
actionpack (7.1.6) lib/action_dispatch/journey/router.rb:131:in `block in find_routes'
actionpack (7.1.6) lib/action_dispatch/journey/router.rb:124:in `each'
actionpack (7.1.6) lib/action_dispatch/journey/router.rb:124:in `find_routes'
actionpack (7.1.6) lib/action_dispatch/journey/router.rb:32:in `serve'
actionpack (7.1.6) lib/action_dispatch/routing/route_set.rb:882:in `call'
rack (3.2.4) lib/rack/tempfile_reaper.rb:20:in `call'
rack (3.2.4) lib/rack/etag.rb:29:in `call'
rack (3.2.4) lib/rack/conditional_get.rb:44:in `call'
rack (3.2.4) lib/rack/head.rb:15:in `call'
actionpack (7.1.6) lib/action_dispatch/http/permissions_policy.rb:36:in `call'
actionpack (7.1.6) lib/action_dispatch/http/content_security_policy.rb:36:in `call'
rack-session (2.1.1) lib/rack/session/abstract/id.rb:274:in `context'
rack-session (2.1.1) lib/rack/session/abstract/id.rb:268:in `call'
actionpack (7.1.6) lib/action_dispatch/middleware/cookies.rb:689:in `call'
activerecord (7.1.6) lib/active_record/migration.rb:655:in `call'
actionpack (7.1.6) lib/action_dispatch/middleware/callbacks.rb:29:in `block in call'
activesupport (7.1.6) lib/active_support/callbacks.rb:101:in `run_callbacks'
actionpack (7.1.6) lib/action_dispatch/middleware/callbacks.rb:28:in `call'
actionpack (7.1.6) lib/action_dispatch/middleware/executor.rb:14:in `call'
actionpack (7.1.6) lib/action_dispatch/middleware/actionable_exceptions.rb:16:in `call'
actionpack (7.1.6) lib/action_dispatch/middleware/debug_exceptions.rb:29:in `call'
web-console (4.2.1) lib/web_console/middleware.rb:132:in `call_app'
web-console (4.2.1) lib/web_console/middleware.rb:19:in `block in call'
web-console (4.2.1) lib/web_console/middleware.rb:17:in `catch'
web-console (4.2.1) lib/web_console/middleware.rb:17:in `call'
actionpack (7.1.6) lib/action_dispatch/middleware/show_exceptions.rb:31:in `call'
railties (7.1.6) lib/rails/rack/logger.rb:37:in `call_app'
railties (7.1.6) lib/rails/rack/logger.rb:24:in `block in call'
activesupport (7.1.6) lib/active_support/tagged_logging.rb:139:in `block in tagged'
activesupport (7.1.6) lib/active_support/tagged_logging.rb:39:in `tagged'
activesupport (7.1.6) lib/active_support/tagged_logging.rb:139:in `tagged'
activesupport (7.1.6) lib/active_support/broadcast_logger.rb:241:in `method_missing'
railties (7.1.6) lib/rails/rack/logger.rb:24:in `call'
sprockets-rails (3.5.2) lib/sprockets/rails/quiet_assets.rb:17:in `call'
actionpack (7.1.6) lib/action_dispatch/middleware/remote_ip.rb:92:in `call'
actionpack (7.1.6) lib/action_dispatch/middleware/request_id.rb:28:in `call'
rack (3.2.4) lib/rack/method_override.rb:28:in `call'
rack (3.2.4) lib/rack/runtime.rb:24:in `call'
activesupport (7.1.6) lib/active_support/cache/strategy/local_cache_middleware.rb:29:in `call'
actionpack (7.1.6) lib/action_dispatch/middleware/server_timing.rb:59:in `block in call'
actionpack (7.1.6) lib/action_dispatch/middleware/server_timing.rb:24:in `collect_events'
actionpack (7.1.6) lib/action_dispatch/middleware/server_timing.rb:58:in `call'
actionpack (7.1.6) lib/action_dispatch/middleware/executor.rb:14:in `call'
actionpack (7.1.6) lib/action_dispatch/middleware/static.rb:25:in `call'
rack (3.2.4) lib/rack/sendfile.rb:131:in `call'
actionpack (7.1.6) lib/action_dispatch/middleware/host_authorization.rb:141:in `call'
railties (7.1.6) lib/rails/engine.rb:536:in `call'
puma (7.1.0) lib/puma/configuration.rb:300:in `call'
puma (7.1.0) lib/puma/request.rb:101:in `block in handle_request'
puma (7.1.0) lib/puma/thread_pool.rb:355:in `with_force_shutdown'
puma (7.1.0) lib/puma/request.rb:100:in `handle_request'
puma (7.1.0) lib/puma/server.rb:503:in `process_client'
puma (7.1.0) lib/puma/server.rb:262:in `block in run'
puma (7.1.0) lib/puma/thread_pool.rb:182:in `block in spawn_thread'
Started POST "/facturas" for 172.23.0.1 at 2025-11-03 04:12:33 +0000
Cannot render console from 172.23.0.1! Allowed networks: 127.0.0.0/127.255.255.255, ::1
Processing by FacturasController#create as */*
  Parameters: {"factura"=>{"cliente_id"=>"1", "total"=>200.5, "fecha"=>"2025-11-02"}}
Completed 500 Internal Server Error in 1ms (ActiveRecord: 0.0ms | Allocations: 905)


  
Errno::ECONNREFUSED (Failed to open TCP connection to clientes_service:3001 (Connection refused - connect(2) for "clientes_service" port 3001)):
  
app/controllers/facturas_controller.rb:29:in `create'
Started POST "/facturas" for 172.23.0.1 at 2025-11-03 04:12:35 +0000
Cannot render console from 172.23.0.1! Allowed networks: 127.0.0.0/127.255.255.255, ::1
Processing by FacturasController#create as */*
  Parameters: {"factura"=>{"cliente_id"=>"1", "total"=>200.5, "fecha"=>"2025-11-02"}}
Completed 500 Internal Server Error in 1ms (ActiveRecord: 0.0ms | Allocations: 693)


  
Errno::ECONNREFUSED (Failed to open TCP connection to clientes_service:3001 (Connection refused - connect(2) for "clientes_service" port 3001)):
  
app/controllers/facturas_controller.rb:29:in `create'
Started POST "/facturas" for 172.23.0.1 at 2025-11-03 04:12:43 +0000
Cannot render console from 172.23.0.1! Allowed networks: 127.0.0.0/127.255.255.255, ::1
Processing by FacturasController#create as */*
  Parameters: {"factura"=>{"cliente_id"=>"1", "total"=>200.5, "fecha"=>"2025-11-02"}}
Completed 500 Internal Server Error in 1ms (ActiveRecord: 0.0ms | Allocations: 691)


  
Errno::ECONNREFUSED (Failed to open TCP connection to clientes_service:3001 (Connection refused - connect(2) for "clientes_service" port 3001)):
  
app/controllers/facturas_controller.rb:29:in `create'
  [1m[36mActiveRecord::InternalMetadata Load (0.1ms)[0m  [1m[34mSELECT * FROM "ar_internal_metadata" WHERE "ar_internal_metadata"."key" = ? ORDER BY "ar_internal_metadata"."key" ASC LIMIT 1[0m  [[nil, "environment"]]
  [1m[36mActiveRecord::SchemaMigration Load (0.1ms)[0m  [1m[34mSELECT "schema_migrations"."version" FROM "schema_migrations" ORDER BY "schema_migrations"."version" ASC[0m
  [1m[36mActiveRecord::SchemaMigration Load (0.0ms)[0m  [1m[34mSELECT "schema_migrations"."version" FROM "schema_migrations" ORDER BY "schema_migrations"."version" ASC[0m
Started GET "/facturas" for 172.23.0.1 at 2025-11-03 04:14:26 +0000
Cannot render console from 172.23.0.1! Allowed networks: 127.0.0.0/127.255.255.255, ::1
  [1m[36mActiveRecord::SchemaMigration Load (0.2ms)[0m  [1m[34mSELECT "schema_migrations"."version" FROM "schema_migrations" ORDER BY "schema_migrations"."version" ASC[0m
Processing by FacturasController#index as HTML
  [1m[36mFactura Load (0.1ms)[0m  [1m[34mSELECT "facturas".* FROM "facturas" WHERE 1=1[0m
  ↳ app/controllers/facturas_controller.rb:36:in `index'
Completed 200 OK in 18ms (Views: 1.8ms | ActiveRecord: 1.4ms | Allocations: 9313)


Started POST "/facturas" for 172.23.0.1 at 2025-11-03 04:14:32 +0000
Cannot render console from 172.23.0.1! Allowed networks: 127.0.0.0/127.255.255.255, ::1
Processing by FacturasController#create as */*
  Parameters: {"factura"=>{"cliente_id"=>"1", "total"=>200.5, "fecha"=>"2025-11-02"}}
Completed 500 Internal Server Error in 10ms (ActiveRecord: 0.2ms | Allocations: 7467)


  
Faraday::ConnectionFailed (Failed to open TCP connection to localhost:3001 (Connection refused - connect(2) for "localhost" port 3001)):
  
  [1m[36mActiveRecord::InternalMetadata Load (0.1ms)[0m  [1m[34mSELECT * FROM "ar_internal_metadata" WHERE "ar_internal_metadata"."key" = ? ORDER BY "ar_internal_metadata"."key" ASC LIMIT 1[0m  [[nil, "environment"]]
  [1m[36mActiveRecord::SchemaMigration Load (0.1ms)[0m  [1m[34mSELECT "schema_migrations"."version" FROM "schema_migrations" ORDER BY "schema_migrations"."version" ASC[0m
  [1m[36mActiveRecord::SchemaMigration Load (0.0ms)[0m  [1m[34mSELECT "schema_migrations"."version" FROM "schema_migrations" ORDER BY "schema_migrations"."version" ASC[0m
Started GET "/facturas" for 172.23.0.1 at 2025-11-03 04:15:52 +0000
Cannot render console from 172.23.0.1! Allowed networks: 127.0.0.0/127.255.255.255, ::1
  [1m[36mActiveRecord::SchemaMigration Load (0.1ms)[0m  [1m[34mSELECT "schema_migrations"."version" FROM "schema_migrations" ORDER BY "schema_migrations"."version" ASC[0m
Processing by FacturasController#index as HTML
  [1m[36mFactura Load (0.1ms)[0m  [1m[34mSELECT "facturas".* FROM "facturas" WHERE 1=1[0m
  ↳ app/controllers/facturas_controller.rb:37:in `index'
Completed 200 OK in 16ms (Views: 1.1ms | ActiveRecord: 1.4ms | Allocations: 9313)


Started POST "/facturas" for 172.23.0.1 at 2025-11-03 04:16:16 +0000
Cannot render console from 172.23.0.1! Allowed networks: 127.0.0.0/127.255.255.255, ::1
Processing by FacturasController#create as */*
  Parameters: {"factura"=>{"cliente_id"=>"1", "total"=>200.5, "fecha"=>"2025-11-02"}}
Completed 500 Internal Server Error in 20ms (ActiveRecord: 0.9ms | Allocations: 7252)


  
Faraday::ConnectionFailed (Failed to open TCP connection to localhost:3001 (Connection refused - connect(2) for "localhost" port 3001)):
  
Started POST "/facturas" for 172.23.0.1 at 2025-11-03 04:16:59 +0000
Cannot render console from 172.23.0.1! Allowed networks: 127.0.0.0/127.255.255.255, ::1
Processing by FacturasController#create as */*
  Parameters: {"factura"=>{"cliente_id"=>"1", "total"=>200.5, "fecha"=>"2025-11-02"}}
Completed 500 Internal Server Error in 4ms (ActiveRecord: 1.2ms | Allocations: 4414)


  
Faraday::ConnectionFailed (Failed to open TCP connection to 0.0.0.0:3001 (Connection refused - connect(2) for "0.0.0.0" port 3001)):
  
Started POST "/facturas" for 172.23.0.1 at 2025-11-03 04:18:04 +0000
Cannot render console from 172.23.0.1! Allowed networks: 127.0.0.0/127.255.255.255, ::1
Processing by FacturasController#create as */*
  Parameters: {"factura"=>{"cliente_id"=>"1", "total"=>200.5, "fecha"=>"2025-11-02"}}
Completed 500 Internal Server Error in 5ms (ActiveRecord: 1.2ms | Allocations: 4395)


  
Faraday::ConnectionFailed (Failed to open TCP connection to clientes:3001 (Connection refused - connect(2) for "clientes" port 3001)):
  
Started POST "/facturas" for 172.23.0.1 at 2025-11-03 04:19:48 +0000
Cannot render console from 172.23.0.1! Allowed networks: 127.0.0.0/127.255.255.255, ::1
Processing by FacturasController#create as */*
  Parameters: {"factura"=>{"cliente_id"=>"1", "total"=>200.5, "fecha"=>"2025-11-02"}}
Completed 422 Unprocessable Content in 52ms (Views: 0.3ms | ActiveRecord: 1.1ms | Allocations: 4082)


Started POST "/facturas" for 172.23.0.1 at 2025-11-03 04:46:04 +0000
Cannot render console from 172.23.0.1! Allowed networks: 127.0.0.0/127.255.255.255, ::1
Processing by FacturasController#create as */*
  Parameters: {"factura"=>{"cliente_id"=>"1", "total"=>200.5, "fecha"=>"2025-11-02"}}
Completed 422 Unprocessable Content in 3ms (Views: 0.2ms | ActiveRecord: 0.0ms | Allocations: 457)


Started POST "/facturas" for 172.23.0.1 at 2025-11-03 04:48:52 +0000
Cannot render console from 172.23.0.1! Allowed networks: 127.0.0.0/127.255.255.255, ::1
Processing by FacturasController#create as */*
  Parameters: {"factura"=>{"cliente_id"=>"1", "total"=>200.5, "fecha"=>"2025-11-02"}}
Completed 422 Unprocessable Content in 4ms (Views: 0.2ms | ActiveRecord: 0.0ms | Allocations: 451)


Started POST "/facturas" for 172.23.0.1 at 2025-11-03 04:50:55 +0000
Cannot render console from 172.23.0.1! Allowed networks: 127.0.0.0/127.255.255.255, ::1
Processing by FacturasController#create as */*
  Parameters: {"factura"=>{"cliente_id"=>"1", "total"=>200.5, "fecha"=>"2025-11-02"}}
Completed 422 Unprocessable Content in 8ms (Views: 0.2ms | ActiveRecord: 0.0ms | Allocations: 3183)


  [1m[36mActiveRecord::InternalMetadata Load (0.1ms)[0m  [1m[34mSELECT * FROM "ar_internal_metadata" WHERE "ar_internal_metadata"."key" = ? ORDER BY "ar_internal_metadata"."key" ASC LIMIT 1[0m  [[nil, "environment"]]
  [1m[36mActiveRecord::SchemaMigration Load (0.1ms)[0m  [1m[34mSELECT "schema_migrations"."version" FROM "schema_migrations" ORDER BY "schema_migrations"."version" ASC[0m
  [1m[36mActiveRecord::SchemaMigration Load (0.0ms)[0m  [1m[34mSELECT "schema_migrations"."version" FROM "schema_migrations" ORDER BY "schema_migrations"."version" ASC[0m
Started POST "/facturas" for 172.23.0.1 at 2025-11-03 04:51:13 +0000
Cannot render console from 172.23.0.1! Allowed networks: 127.0.0.0/127.255.255.255, ::1
  [1m[36mActiveRecord::SchemaMigration Load (0.1ms)[0m  [1m[34mSELECT "schema_migrations"."version" FROM "schema_migrations" ORDER BY "schema_migrations"."version" ASC[0m
Processing by FacturasController#create as */*
  Parameters: {"factura"=>{"cliente_id"=>"1", "total"=>200.5, "fecha"=>"2025-11-02"}}
Completed 422 Unprocessable Content in 27ms (Views: 0.3ms | ActiveRecord: 1.2ms | Allocations: 9064)


Started POST "/facturas" for 172.23.0.1 at 2025-11-03 04:51:40 +0000
Cannot render console from 172.23.0.1! Allowed networks: 127.0.0.0/127.255.255.255, ::1
Processing by FacturasController#create as */*
  Parameters: {"factura"=>{"cliente_id"=>"1", "total"=>200.5, "fecha"=>"2025-11-02"}}
Completed 422 Unprocessable Content in 5ms (Views: 0.1ms | ActiveRecord: 0.0ms | Allocations: 453)


Started POST "/facturas" for 172.23.0.1 at 2025-11-03 04:52:48 +0000
Cannot render console from 172.23.0.1! Allowed networks: 127.0.0.0/127.255.255.255, ::1
Processing by FacturasController#create as */*
  Parameters: {"{\n  \"factura\": {\n    \"cliente_id\": \"1\",\n    \"total\": 200.50,\n    \"fecha\": \"2025-11-02\"\n  }\n}"=>nil}
Completed 400 Bad Request in 8ms (ActiveRecord: 0.0ms | Allocations: 502)


  
ActionController::ParameterMissing (param is missing or the value is empty: factura):
  
app/controllers/facturas_controller.rb:49:in `factura_params'
app/controllers/facturas_controller.rb:6:in `create'
Started POST "/facturas" for 172.23.0.1 at 2025-11-03 04:53:07 +0000
Cannot render console from 172.23.0.1! Allowed networks: 127.0.0.0/127.255.255.255, ::1
Processing by FacturasController#create as */*
  Parameters: {"factura"=>{"cliente_id"=>"1", "total"=>200.5, "fecha"=>"2025-11-02"}}
Completed 422 Unprocessable Content in 8ms (Views: 0.2ms | ActiveRecord: 0.0ms | Allocations: 446)


Started POST "/facturas" for 172.23.0.1 at 2025-11-03 04:53:20 +0000
Cannot render console from 172.23.0.1! Allowed networks: 127.0.0.0/127.255.255.255, ::1
Processing by FacturasController#create as */*
  Parameters: {"{\n  \"factura\": {\n    \"cliente_id\": \"1\",\n    \"total\": 200.50,\n    \"fecha\": \"2025-11-02\"\n  }\n}"=>nil}
Completed 400 Bad Request in 0ms (ActiveRecord: 0.0ms | Allocations: 489)


  
ActionController::ParameterMissing (param is missing or the value is empty: factura):
  
app/controllers/facturas_controller.rb:49:in `factura_params'
app/controllers/facturas_controller.rb:6:in `create'
Started POST "/facturas" for 172.23.0.1 at 2025-11-03 04:53:26 +0000
Cannot render console from 172.23.0.1! Allowed networks: 127.0.0.0/127.255.255.255, ::1
Processing by FacturasController#create as */*
  Parameters: {"factura"=>{"cliente_id"=>"1", "total"=>200.5, "fecha"=>"2025-11-02"}}
Completed 422 Unprocessable Content in 4ms (Views: 0.2ms | ActiveRecord: 0.0ms | Allocations: 440)


  [1m[36mActiveRecord::InternalMetadata Load (0.1ms)[0m  [1m[34mSELECT * FROM "ar_internal_metadata" WHERE "ar_internal_metadata"."key" = ? ORDER BY "ar_internal_metadata"."key" ASC LIMIT 1[0m  [[nil, "environment"]]
  [1m[36mActiveRecord::SchemaMigration Load (0.1ms)[0m  [1m[34mSELECT "schema_migrations"."version" FROM "schema_migrations" ORDER BY "schema_migrations"."version" ASC[0m
  [1m[36mActiveRecord::SchemaMigration Load (0.0ms)[0m  [1m[34mSELECT "schema_migrations"."version" FROM "schema_migrations" ORDER BY "schema_migrations"."version" ASC[0m
Started POST "/facturas" for 172.23.0.1 at 2025-11-03 04:54:10 +0000
Cannot render console from 172.23.0.1! Allowed networks: 127.0.0.0/127.255.255.255, ::1
  [1m[36mActiveRecord::SchemaMigration Load (0.1ms)[0m  [1m[34mSELECT "schema_migrations"."version" FROM "schema_migrations" ORDER BY "schema_migrations"."version" ASC[0m
Processing by FacturasController#create as */*
  Parameters: {"factura"=>{"cliente_id"=>"1", "total"=>200.5, "fecha"=>"2025-11-02"}}
  [1m[36mTRANSACTION (0.0ms)[0m  [1m[36mbegin transaction[0m
  ↳ app/controllers/facturas_controller.rb:19:in `create'
  [1m[36mFactura Create (1.1ms)[0m  [1m[32mINSERT INTO "facturas" ("cliente_id", "total", "fecha", "created_at", "updated_at") VALUES (?, ?, ?, ?, ?) RETURNING "id"[0m  [["cliente_id", "1"], ["total", 200.5], ["fecha", "2025-11-02"], ["created_at", "2025-11-03 04:54:10.165608"], ["updated_at", "2025-11-03 04:54:10.165608"]]
  ↳ app/controllers/facturas_controller.rb:19:in `create'
  [1m[36mTRANSACTION (1.0ms)[0m  [1m[36mcommit transaction[0m
  ↳ app/controllers/facturas_controller.rb:19:in `create'
Completed 201 Created in 29ms (Views: 0.5ms | ActiveRecord: 3.1ms | Allocations: 12115)


Started GET "/facturas" for 172.23.0.1 at 2025-11-03 04:54:22 +0000
Cannot render console from 172.23.0.1! Allowed networks: 127.0.0.0/127.255.255.255, ::1
Processing by FacturasController#index as HTML
  [1m[36mFactura Load (0.1ms)[0m  [1m[34mSELECT "facturas".* FROM "facturas" WHERE 1=1[0m
  ↳ app/controllers/facturas_controller.rb:40:in `index'
Completed 200 OK in 63ms (Views: 38.3ms | ActiveRecord: 0.1ms | Allocations: 2293)


  [1m[36mActiveRecord::InternalMetadata Load (0.1ms)[0m  [1m[34mSELECT * FROM "ar_internal_metadata" WHERE "ar_internal_metadata"."key" = ? ORDER BY "ar_internal_metadata"."key" ASC LIMIT 1[0m  [[nil, "environment"]]
  [1m[36mActiveRecord::SchemaMigration Load (0.1ms)[0m  [1m[34mSELECT "schema_migrations"."version" FROM "schema_migrations" ORDER BY "schema_migrations"."version" ASC[0m
  [1m[36mActiveRecord::SchemaMigration Load (0.0ms)[0m  [1m[34mSELECT "schema_migrations"."version" FROM "schema_migrations" ORDER BY "schema_migrations"."version" ASC[0m
  [1m[36mActiveRecord::InternalMetadata Load (0.1ms)[0m  [1m[34mSELECT * FROM "ar_internal_metadata" WHERE "ar_internal_metadata"."key" = ? ORDER BY "ar_internal_metadata"."key" ASC LIMIT 1[0m  [[nil, "environment"]]
  [1m[36mActiveRecord::SchemaMigration Load (0.1ms)[0m  [1m[34mSELECT "schema_migrations"."version" FROM "schema_migrations" ORDER BY "schema_migrations"."version" ASC[0m
  [1m[36mActiveRecord::SchemaMigration Load (0.0ms)[0m  [1m[34mSELECT "schema_migrations"."version" FROM "schema_migrations" ORDER BY "schema_migrations"."version" ASC[0m
Started GET "/facturas" for 172.23.0.1 at 2025-11-03 04:57:04 +0000
Cannot render console from 172.23.0.1! Allowed networks: 127.0.0.0/127.255.255.255, ::1
  [1m[36mActiveRecord::SchemaMigration Load (0.1ms)[0m  [1m[34mSELECT "schema_migrations"."version" FROM "schema_migrations" ORDER BY "schema_migrations"."version" ASC[0m
Processing by FacturasController#index as HTML
  [1m[36mFactura Load (0.1ms)[0m  [1m[34mSELECT "facturas".* FROM "facturas" WHERE 1=1[0m
  ↳ app/controllers/facturas_controller.rb:43:in `index'
Completed 200 OK in 27ms (Views: 11.7ms | ActiveRecord: 1.4ms | Allocations: 15103)


Started POST "/facturas" for 172.23.0.1 at 2025-11-03 04:58:05 +0000
Cannot render console from 172.23.0.1! Allowed networks: 127.0.0.0/127.255.255.255, ::1
Processing by FacturasController#create as */*
  Parameters: {"factura"=>{"cliente_id"=>"3", "total"=>350.75, "fecha"=>"2025-11-03"}}
Completed 503 Service Unavailable in 5ms (Views: 0.3ms | ActiveRecord: 0.0ms | Allocations: 1783)


Started POST "/facturas" for 172.23.0.1 at 2025-11-03 04:58:20 +0000
Cannot render console from 172.23.0.1! Allowed networks: 127.0.0.0/127.255.255.255, ::1
Processing by FacturasController#create as */*
  Parameters: {"factura"=>{"cliente_id"=>"2", "total"=>350.75, "fecha"=>"2025-11-03"}}
Completed 503 Service Unavailable in 1ms (Views: 0.1ms | ActiveRecord: 0.0ms | Allocations: 1083)


  [1m[36mActiveRecord::InternalMetadata Load (0.1ms)[0m  [1m[34mSELECT * FROM "ar_internal_metadata" WHERE "ar_internal_metadata"."key" = ? ORDER BY "ar_internal_metadata"."key" ASC LIMIT 1[0m  [[nil, "environment"]]
  [1m[36mActiveRecord::SchemaMigration Load (0.1ms)[0m  [1m[34mSELECT "schema_migrations"."version" FROM "schema_migrations" ORDER BY "schema_migrations"."version" ASC[0m
  [1m[36mActiveRecord::SchemaMigration Load (0.0ms)[0m  [1m[34mSELECT "schema_migrations"."version" FROM "schema_migrations" ORDER BY "schema_migrations"."version" ASC[0m
Started GET "/facturas" for 172.23.0.1 at 2025-11-03 05:01:32 +0000
Cannot render console from 172.23.0.1! Allowed networks: 127.0.0.0/127.255.255.255, ::1
  [1m[36mActiveRecord::SchemaMigration Load (0.1ms)[0m  [1m[34mSELECT "schema_migrations"."version" FROM "schema_migrations" ORDER BY "schema_migrations"."version" ASC[0m
Processing by FacturasController#index as HTML
  [1m[36mFactura Load (0.2ms)[0m  [1m[34mSELECT "facturas".* FROM "facturas" WHERE 1=1[0m
  ↳ app/controllers/facturas_controller.rb:45:in `index'
Completed 200 OK in 21ms (Views: 7.2ms | ActiveRecord: 1.9ms | Allocations: 15105)


Started GET "/facturas" for 172.23.0.1 at 2025-11-03 05:01:37 +0000
Cannot render console from 172.23.0.1! Allowed networks: 127.0.0.0/127.255.255.255, ::1
Processing by FacturasController#index as HTML
  [1m[36mFactura Load (0.3ms)[0m  [1m[34mSELECT "facturas".* FROM "facturas" WHERE 1=1[0m
  ↳ app/controllers/facturas_controller.rb:45:in `index'
Completed 200 OK in 6ms (Views: 5.0ms | ActiveRecord: 0.3ms | Allocations: 699)


Started POST "/facturas" for 172.23.0.1 at 2025-11-03 05:02:09 +0000
Cannot render console from 172.23.0.1! Allowed networks: 127.0.0.0/127.255.255.255, ::1
Processing by FacturasController#create as */*
  Parameters: {"factura"=>{"cliente_id"=>"2", "total"=>350.75, "fecha"=>"2025-11-03"}}
  [1m[36mTRANSACTION (0.1ms)[0m  [1m[36mbegin transaction[0m
  ↳ app/controllers/facturas_controller.rb:22:in `create'
  [1m[36mFactura Create (1.5ms)[0m  [1m[32mINSERT INTO "facturas" ("cliente_id", "total", "fecha", "created_at", "updated_at") VALUES (?, ?, ?, ?, ?) RETURNING "id"[0m  [["cliente_id", "2"], ["total", 350.75], ["fecha", "2025-11-03"], ["created_at", "2025-11-03 05:02:09.282703"], ["updated_at", "2025-11-03 05:02:09.282703"]]
  ↳ app/controllers/facturas_controller.rb:22:in `create'
  [1m[36mTRANSACTION (3.0ms)[0m  [1m[36mcommit transaction[0m
  ↳ app/controllers/facturas_controller.rb:22:in `create'
Completed 201 Created in 36ms (Views: 0.6ms | ActiveRecord: 4.5ms | Allocations: 4012)


Started GET "/facturas" for 172.23.0.1 at 2025-11-03 05:02:19 +0000
Cannot render console from 172.23.0.1! Allowed networks: 127.0.0.0/127.255.255.255, ::1
Processing by FacturasController#index as HTML
  [1m[36mFactura Load (0.5ms)[0m  [1m[34mSELECT "facturas".* FROM "facturas" WHERE 1=1[0m
  ↳ app/controllers/facturas_controller.rb:45:in `index'
Completed 200 OK in 6ms (Views: 4.8ms | ActiveRecord: 0.5ms | Allocations: 787)


Started POST "/facturas" for 172.23.0.1 at 2025-11-03 05:02:32 +0000
Cannot render console from 172.23.0.1! Allowed networks: 127.0.0.0/127.255.255.255, ::1
Processing by FacturasController#create as */*
  Parameters: {"factura"=>{"cliente_id"=>"3", "total"=>350.75, "fecha"=>"2025-11-03"}}
  [1m[36mTRANSACTION (0.0ms)[0m  [1m[36mbegin transaction[0m
  ↳ app/controllers/facturas_controller.rb:22:in `create'
  [1m[36mFactura Create (0.9ms)[0m  [1m[32mINSERT INTO "facturas" ("cliente_id", "total", "fecha", "created_at", "updated_at") VALUES (?, ?, ?, ?, ?) RETURNING "id"[0m  [["cliente_id", "3"], ["total", 350.75], ["fecha", "2025-11-03"], ["created_at", "2025-11-03 05:02:32.158291"], ["updated_at", "2025-11-03 05:02:32.158291"]]
  ↳ app/controllers/facturas_controller.rb:22:in `create'
  [1m[36mTRANSACTION (0.1ms)[0m  [1m[36mcommit transaction[0m
  ↳ app/controllers/facturas_controller.rb:22:in `create'
Completed 201 Created in 12ms (Views: 0.2ms | ActiveRecord: 1.0ms | Allocations: 1865)


Started GET "/facturas" for 172.23.0.1 at 2025-11-03 05:02:37 +0000
Cannot render console from 172.23.0.1! Allowed networks: 127.0.0.0/127.255.255.255, ::1
Processing by FacturasController#index as HTML
  [1m[36mFactura Load (0.1ms)[0m  [1m[34mSELECT "facturas".* FROM "facturas" WHERE 1=1[0m
  ↳ app/controllers/facturas_controller.rb:45:in `index'
Completed 200 OK in 1ms (Views: 1.0ms | ActiveRecord: 0.1ms | Allocations: 837)


Started POST "/facturas" for 172.23.0.1 at 2025-11-03 05:04:53 +0000
Cannot render console from 172.23.0.1! Allowed networks: 127.0.0.0/127.255.255.255, ::1
Processing by FacturasController#create as */*
  Parameters: {"factura"=>{"cliente_id"=>"1", "total"=>200.5, "fecha"=>"2025-11-03"}}
Completed 422 Unprocessable Content in 8ms (Views: 0.2ms | ActiveRecord: 1.3ms | Allocations: 3901)


Started POST "/facturas" for 172.23.0.1 at 2025-11-03 05:05:07 +0000
Cannot render console from 172.23.0.1! Allowed networks: 127.0.0.0/127.255.255.255, ::1
Processing by FacturasController#create as */*
  Parameters: {"factura"=>{"cliente_id"=>"4", "total"=>350.75, "fecha"=>"2025-11-03"}}
Completed 422 Unprocessable Content in 4ms (Views: 0.2ms | ActiveRecord: 0.0ms | Allocations: 449)


Started POST "/facturas" for 172.23.0.1 at 2025-11-03 05:08:53 +0000
Cannot render console from 172.23.0.1! Allowed networks: 127.0.0.0/127.255.255.255, ::1
Processing by FacturasController#create as */*
  Parameters: {"factura"=>{"cliente_id"=>"3", "total"=>200, "fecha"=>"2025-11-15"}}
Completed 422 Unprocessable Content in 3ms (Views: 0.2ms | ActiveRecord: 0.0ms | Allocations: 452)


  [1m[36mActiveRecord::InternalMetadata Load (0.1ms)[0m  [1m[34mSELECT * FROM "ar_internal_metadata" WHERE "ar_internal_metadata"."key" = ? ORDER BY "ar_internal_metadata"."key" ASC LIMIT 1[0m  [[nil, "environment"]]
  [1m[36mActiveRecord::SchemaMigration Load (0.1ms)[0m  [1m[34mSELECT "schema_migrations"."version" FROM "schema_migrations" ORDER BY "schema_migrations"."version" ASC[0m
  [1m[36mActiveRecord::SchemaMigration Load (0.0ms)[0m  [1m[34mSELECT "schema_migrations"."version" FROM "schema_migrations" ORDER BY "schema_migrations"."version" ASC[0m
Started GET "/facturas" for 172.23.0.1 at 2025-11-03 05:12:10 +0000
Cannot render console from 172.23.0.1! Allowed networks: 127.0.0.0/127.255.255.255, ::1
  [1m[36mActiveRecord::SchemaMigration Load (0.1ms)[0m  [1m[34mSELECT "schema_migrations"."version" FROM "schema_migrations" ORDER BY "schema_migrations"."version" ASC[0m
Processing by FacturasController#index as HTML
  [1m[36mFactura Load (0.1ms)[0m  [1m[34mSELECT "facturas".* FROM "facturas" WHERE 1=1[0m
  ↳ app/controllers/facturas_controller.rb:51:in `index'
Completed 200 OK in 22ms (Views: 9.8ms | ActiveRecord: 1.4ms | Allocations: 15241)


Started POST "/facturas" for 172.23.0.1 at 2025-11-03 05:12:17 +0000
Cannot render console from 172.23.0.1! Allowed networks: 127.0.0.0/127.255.255.255, ::1
Processing by FacturasController#create as */*
  Parameters: {"factura"=>{"cliente_id"=>"3", "total"=>200, "fecha"=>"2025-11-15"}}
Completed 422 Unprocessable Content in 33ms (Views: 0.1ms | ActiveRecord: 0.0ms | Allocations: 1313)


  [1m[36mActiveRecord::InternalMetadata Load (0.1ms)[0m  [1m[34mSELECT * FROM "ar_internal_metadata" WHERE "ar_internal_metadata"."key" = ? ORDER BY "ar_internal_metadata"."key" ASC LIMIT 1[0m  [[nil, "environment"]]
  [1m[36mActiveRecord::SchemaMigration Load (0.1ms)[0m  [1m[34mSELECT "schema_migrations"."version" FROM "schema_migrations" ORDER BY "schema_migrations"."version" ASC[0m
  [1m[36mActiveRecord::SchemaMigration Load (0.0ms)[0m  [1m[34mSELECT "schema_migrations"."version" FROM "schema_migrations" ORDER BY "schema_migrations"."version" ASC[0m
  [1m[36mActiveRecord::InternalMetadata Load (0.1ms)[0m  [1m[34mSELECT * FROM "ar_internal_metadata" WHERE "ar_internal_metadata"."key" = ? ORDER BY "ar_internal_metadata"."key" ASC LIMIT 1[0m  [[nil, "environment"]]
  [1m[36mActiveRecord::SchemaMigration Load (0.1ms)[0m  [1m[34mSELECT "schema_migrations"."version" FROM "schema_migrations" ORDER BY "schema_migrations"."version" ASC[0m
  [1m[36mActiveRecord::SchemaMigration Load (0.0ms)[0m  [1m[34mSELECT "schema_migrations"."version" FROM "schema_migrations" ORDER BY "schema_migrations"."version" ASC[0m
Started POST "/facturas" for 172.23.0.1 at 2025-11-03 05:17:26 +0000
Cannot render console from 172.23.0.1! Allowed networks: 127.0.0.0/127.255.255.255, ::1
  [1m[36mActiveRecord::SchemaMigration Load (0.1ms)[0m  [1m[34mSELECT "schema_migrations"."version" FROM "schema_migrations" ORDER BY "schema_migrations"."version" ASC[0m
Processing by FacturasController#create as */*
  Parameters: {"factura"=>{"cliente_id"=>"3", "total"=>200, "fecha"=>"2025-11-15"}}
Completed 422 Unprocessable Content in 24ms (Views: 0.2ms | ActiveRecord: 1.1ms | Allocations: 9076)


Started POST "/facturas" for 172.23.0.1 at 2025-11-03 05:17:36 +0000
Cannot render console from 172.23.0.1! Allowed networks: 127.0.0.0/127.255.255.255, ::1
Processing by FacturasController#create as */*
  Parameters: {"factura"=>{"cliente_id"=>"4", "total"=>200, "fecha"=>"2025-11-15"}}
Completed 422 Unprocessable Content in 5ms (Views: 0.2ms | ActiveRecord: 0.0ms | Allocations: 461)


